{"D:\\Baxter\\html\\trade-datepicker\\projects\\angular-mydatepicker\\src\\test.ts": {"path":"D:\\Baxter\\html\\trade-datepicker\\projects\\angular-mydatepicker\\src\\test.ts","statementMap":{"0":{"start":{"line":12,"column":0},"end":{"line":16,"column":2}}},"fnMap":{},"branchMap":{},"s":{"0":1},"f":{},"b":{}}
,"D:\\Baxter\\html\\trade-datepicker\\projects\\angular-mydatepicker\\src\\lib\\angular-mydatepicker.input.ts": {"path":"D:\\Baxter\\html\\trade-datepicker\\projects\\angular-mydatepicker\\src\\lib\\angular-mydatepicker.input.ts","statementMap":{"0":{"start":{"line":27,"column":30},"end":{"line":31,"column":2}},"1":{"start":{"line":29,"column":32},"end":{"line":29,"column":60}},"2":{"start":{"line":33,"column":26},"end":{"line":37,"column":2}},"3":{"start":{"line":35,"column":32},"end":{"line":35,"column":60}},"4":{"start":{"line":68,"column":22},"end":{"line":68,"column":37}},"5":{"start":{"line":69,"column":22},"end":{"line":69,"column":35}},"6":{"start":{"line":70,"column":22},"end":{"line":70,"column":29}},"7":{"start":{"line":71,"column":22},"end":{"line":71,"column":27}},"8":{"start":{"line":72,"column":22},"end":{"line":72,"column":32}},"9":{"start":{"line":73,"column":22},"end":{"line":73,"column":27}},"10":{"start":{"line":74,"column":22},"end":{"line":74,"column":28}},"11":{"start":{"line":75,"column":22},"end":{"line":75,"column":30}},"12":{"start":{"line":48,"column":11},"end":{"line":48,"column":null}},"13":{"start":{"line":50,"column":12},"end":{"line":50,"column":null}},"14":{"start":{"line":51,"column":12},"end":{"line":51,"column":null}},"15":{"start":{"line":52,"column":12},"end":{"line":52,"column":null}},"16":{"start":{"line":53,"column":12},"end":{"line":53,"column":null}},"17":{"start":{"line":54,"column":12},"end":{"line":54,"column":null}},"18":{"start":{"line":55,"column":12},"end":{"line":55,"column":null}},"19":{"start":{"line":57,"column":10},"end":{"line":57,"column":55}},"20":{"start":{"line":58,"column":10},"end":{"line":58,"column":39}},"21":{"start":{"line":59,"column":10},"end":{"line":59,"column":40}},"22":{"start":{"line":60,"column":10},"end":{"line":60,"column":27}},"23":{"start":{"line":61,"column":10},"end":{"line":61,"column":36}},"24":{"start":{"line":65,"column":2},"end":{"line":65,"column":43}},"25":{"start":{"line":66,"column":2},"end":{"line":66,"column":38}},"26":{"start":{"line":172,"column":10},"end":{"line":172,"column":63}},"27":{"start":{"line":172,"column":43},"end":{"line":172,"column":62}},"28":{"start":{"line":499,"column":10},"end":{"line":499,"column":75}},"29":{"start":{"line":499,"column":49},"end":{"line":499,"column":74}},"30":{"start":{"line":76,"column":4},"end":{"line":76,"column":47}},"31":{"start":{"line":77,"column":4},"end":{"line":77,"column":33}},"32":{"start":{"line":81,"column":28},"end":{"line":81,"column":71}},"33":{"start":{"line":82,"column":4},"end":{"line":84,"column":5}},"34":{"start":{"line":83,"column":6},"end":{"line":83,"column":13}},"35":{"start":{"line":86,"column":4},"end":{"line":116,"column":5}},"36":{"start":{"line":87,"column":6},"end":{"line":87,"column":47}},"37":{"start":{"line":90,"column":76},"end":{"line":90,"column":85}},"38":{"start":{"line":91,"column":28},"end":{"line":91,"column":47}},"39":{"start":{"line":93,"column":36},"end":{"line":93,"column":40}},"40":{"start":{"line":94,"column":27},"end":{"line":94,"column":32}},"41":{"start":{"line":95,"column":45},"end":{"line":95,"column":49}},"42":{"start":{"line":96,"column":6},"end":{"line":112,"column":7}},"43":{"start":{"line":97,"column":8},"end":{"line":97,"column":130}},"44":{"start":{"line":98,"column":30},"end":{"line":98,"column":90}},"45":{"start":{"line":99,"column":8},"end":{"line":99,"column":57}},"46":{"start":{"line":100,"column":8},"end":{"line":102,"column":9}},"47":{"start":{"line":101,"column":10},"end":{"line":101,"column":114}},"48":{"start":{"line":105,"column":8},"end":{"line":105,"column":129}},"49":{"start":{"line":106,"column":22},"end":{"line":106,"column":91}},"50":{"start":{"line":107,"column":29},"end":{"line":107,"column":34}},"51":{"start":{"line":108,"column":8},"end":{"line":108,"column":101}},"52":{"start":{"line":109,"column":8},"end":{"line":111,"column":9}},"53":{"start":{"line":110,"column":10},"end":{"line":110,"column":115}},"54":{"start":{"line":114,"column":6},"end":{"line":114,"column":33}},"55":{"start":{"line":115,"column":6},"end":{"line":115,"column":47}},"56":{"start":{"line":120,"column":123},"end":{"line":120,"column":132}},"57":{"start":{"line":122,"column":4},"end":{"line":167,"column":5}},"58":{"start":{"line":123,"column":28},"end":{"line":123,"column":47}},"59":{"start":{"line":125,"column":27},"end":{"line":125,"column":32}},"60":{"start":{"line":126,"column":45},"end":{"line":126,"column":49}},"61":{"start":{"line":127,"column":6},"end":{"line":155,"column":7}},"62":{"start":{"line":128,"column":8},"end":{"line":128,"column":130}},"63":{"start":{"line":129,"column":30},"end":{"line":129,"column":90}},"64":{"start":{"line":130,"column":8},"end":{"line":130,"column":57}},"65":{"start":{"line":131,"column":8},"end":{"line":139,"column":9}},"66":{"start":{"line":133,"column":42},"end":{"line":133,"column":133}},"67":{"start":{"line":134,"column":10},"end":{"line":134,"column":42}},"68":{"start":{"line":135,"column":10},"end":{"line":135,"column":38}},"69":{"start":{"line":136,"column":10},"end":{"line":138,"column":11}},"70":{"start":{"line":137,"column":12},"end":{"line":137,"column":57}},"71":{"start":{"line":142,"column":8},"end":{"line":142,"column":129}},"72":{"start":{"line":143,"column":40},"end":{"line":143,"column":109}},"73":{"start":{"line":144,"column":29},"end":{"line":144,"column":38}},"74":{"start":{"line":145,"column":8},"end":{"line":145,"column":101}},"75":{"start":{"line":146,"column":8},"end":{"line":154,"column":9}},"76":{"start":{"line":148,"column":42},"end":{"line":148,"column":138}},"77":{"start":{"line":149,"column":10},"end":{"line":149,"column":42}},"78":{"start":{"line":150,"column":10},"end":{"line":150,"column":38}},"79":{"start":{"line":151,"column":10},"end":{"line":153,"column":11}},"80":{"start":{"line":152,"column":12},"end":{"line":152,"column":57}},"81":{"start":{"line":157,"column":6},"end":{"line":164,"column":7}},"82":{"start":{"line":158,"column":8},"end":{"line":163,"column":9}},"83":{"start":{"line":159,"column":10},"end":{"line":159,"column":27}},"84":{"start":{"line":162,"column":10},"end":{"line":162,"column":32}},"85":{"start":{"line":166,"column":6},"end":{"line":166,"column":28}},"86":{"start":{"line":169,"column":4},"end":{"line":169,"column":23}},"87":{"start":{"line":175,"column":4},"end":{"line":179,"column":5}},"88":{"start":{"line":178,"column":6},"end":{"line":178,"column":52}},"89":{"start":{"line":183,"column":4},"end":{"line":185,"column":5}},"90":{"start":{"line":184,"column":6},"end":{"line":184,"column":30}},"91":{"start":{"line":187,"column":4},"end":{"line":199,"column":5}},"92":{"start":{"line":188,"column":20},"end":{"line":188,"column":55}},"93":{"start":{"line":189,"column":6},"end":{"line":196,"column":7}},"94":{"start":{"line":190,"column":8},"end":{"line":192,"column":9}},"95":{"start":{"line":191,"column":10},"end":{"line":191,"column":39}},"96":{"start":{"line":195,"column":8},"end":{"line":195,"column":54}},"97":{"start":{"line":198,"column":6},"end":{"line":198,"column":29}},"98":{"start":{"line":201,"column":4},"end":{"line":203,"column":5}},"99":{"start":{"line":202,"column":6},"end":{"line":202,"column":55}},"100":{"start":{"line":205,"column":4},"end":{"line":207,"column":5}},"101":{"start":{"line":206,"column":6},"end":{"line":206,"column":113}},"102":{"start":{"line":211,"column":4},"end":{"line":211,"column":25}},"103":{"start":{"line":215,"column":29},"end":{"line":215,"column":77}},"104":{"start":{"line":216,"column":4},"end":{"line":218,"column":7}},"105":{"start":{"line":217,"column":20},"end":{"line":217,"column":44}},"106":{"start":{"line":222,"column":4},"end":{"line":226,"column":5}},"107":{"start":{"line":223,"column":6},"end":{"line":225,"column":9}},"108":{"start":{"line":224,"column":22},"end":{"line":224,"column":46}},"109":{"start":{"line":228,"column":63},"end":{"line":228,"column":72}},"110":{"start":{"line":230,"column":4},"end":{"line":232,"column":5}},"111":{"start":{"line":231,"column":6},"end":{"line":231,"column":35}},"112":{"start":{"line":234,"column":4},"end":{"line":236,"column":5}},"113":{"start":{"line":235,"column":6},"end":{"line":235,"column":35}},"114":{"start":{"line":238,"column":4},"end":{"line":240,"column":5}},"115":{"start":{"line":239,"column":6},"end":{"line":239,"column":42}},"116":{"start":{"line":242,"column":4},"end":{"line":244,"column":5}},"117":{"start":{"line":243,"column":6},"end":{"line":243,"column":26}},"118":{"start":{"line":248,"column":4},"end":{"line":250,"column":5}},"119":{"start":{"line":249,"column":6},"end":{"line":249,"column":13}},"120":{"start":{"line":252,"column":43},"end":{"line":252,"column":47}},"121":{"start":{"line":253,"column":71},"end":{"line":253,"column":80}},"122":{"start":{"line":255,"column":4},"end":{"line":308,"column":5}},"123":{"start":{"line":256,"column":6},"end":{"line":256,"column":35}},"124":{"start":{"line":257,"column":6},"end":{"line":257,"column":51}},"125":{"start":{"line":259,"column":6},"end":{"line":261,"column":7}},"126":{"start":{"line":260,"column":8},"end":{"line":260,"column":44}},"127":{"start":{"line":263,"column":9},"end":{"line":308,"column":5}},"128":{"start":{"line":265,"column":27},"end":{"line":265,"column":43}},"129":{"start":{"line":266,"column":6},"end":{"line":268,"column":7}},"130":{"start":{"line":267,"column":8},"end":{"line":267,"column":55}},"131":{"start":{"line":270,"column":32},"end":{"line":270,"column":90}},"132":{"start":{"line":272,"column":6},"end":{"line":272,"column":129}},"133":{"start":{"line":273,"column":29},"end":{"line":273,"column":129}},"134":{"start":{"line":274,"column":6},"end":{"line":282,"column":7}},"135":{"start":{"line":275,"column":8},"end":{"line":275,"column":37}},"136":{"start":{"line":276,"column":8},"end":{"line":276,"column":53}},"137":{"start":{"line":277,"column":8},"end":{"line":277,"column":123}},"138":{"start":{"line":279,"column":8},"end":{"line":281,"column":9}},"139":{"start":{"line":280,"column":10},"end":{"line":280,"column":117}},"140":{"start":{"line":284,"column":9},"end":{"line":308,"column":5}},"141":{"start":{"line":286,"column":57},"end":{"line":286,"column":72}},"142":{"start":{"line":287,"column":6},"end":{"line":290,"column":7}},"143":{"start":{"line":288,"column":8},"end":{"line":288,"column":65}},"144":{"start":{"line":289,"column":8},"end":{"line":289,"column":61}},"145":{"start":{"line":292,"column":32},"end":{"line":293,"column":69}},"146":{"start":{"line":294,"column":6},"end":{"line":294,"column":128}},"147":{"start":{"line":295,"column":27},"end":{"line":295,"column":100}},"148":{"start":{"line":296,"column":29},"end":{"line":296,"column":113}},"149":{"start":{"line":297,"column":6},"end":{"line":307,"column":7}},"150":{"start":{"line":298,"column":8},"end":{"line":298,"column":37}},"151":{"start":{"line":299,"column":8},"end":{"line":299,"column":53}},"152":{"start":{"line":301,"column":40},"end":{"line":301,"column":72}},"153":{"start":{"line":302,"column":8},"end":{"line":302,"column":128}},"154":{"start":{"line":304,"column":8},"end":{"line":306,"column":9}},"155":{"start":{"line":305,"column":10},"end":{"line":305,"column":117}},"156":{"start":{"line":312,"column":4},"end":{"line":312,"column":25}},"157":{"start":{"line":316,"column":4},"end":{"line":316,"column":26}},"158":{"start":{"line":320,"column":4},"end":{"line":320,"column":31}},"159":{"start":{"line":321,"column":4},"end":{"line":321,"column":77}},"160":{"start":{"line":323,"column":4},"end":{"line":325,"column":5}},"161":{"start":{"line":324,"column":6},"end":{"line":324,"column":27}},"162":{"start":{"line":329,"column":26},"end":{"line":329,"column":45}},"163":{"start":{"line":331,"column":4},"end":{"line":333,"column":5}},"164":{"start":{"line":332,"column":6},"end":{"line":332,"column":18}},"165":{"start":{"line":335,"column":43},"end":{"line":335,"column":47}},"166":{"start":{"line":336,"column":4},"end":{"line":349,"column":5}},"167":{"start":{"line":337,"column":6},"end":{"line":337,"column":128}},"168":{"start":{"line":338,"column":28},"end":{"line":338,"column":88}},"169":{"start":{"line":339,"column":6},"end":{"line":341,"column":7}},"170":{"start":{"line":340,"column":8},"end":{"line":340,"column":41}},"171":{"start":{"line":344,"column":6},"end":{"line":344,"column":127}},"172":{"start":{"line":345,"column":27},"end":{"line":345,"column":96}},"173":{"start":{"line":346,"column":6},"end":{"line":348,"column":7}},"174":{"start":{"line":347,"column":8},"end":{"line":347,"column":41}},"175":{"start":{"line":350,"column":4},"end":{"line":350,"column":16}},"176":{"start":{"line":354,"column":4},"end":{"line":356,"column":5}},"177":{"start":{"line":355,"column":6},"end":{"line":355,"column":13}},"178":{"start":{"line":357,"column":4},"end":{"line":357,"column":29}},"179":{"start":{"line":358,"column":4},"end":{"line":358,"column":29}},"180":{"start":{"line":359,"column":4},"end":{"line":395,"column":5}},"181":{"start":{"line":360,"column":6},"end":{"line":360,"column":98}},"182":{"start":{"line":361,"column":6},"end":{"line":361,"column":60}},"183":{"start":{"line":362,"column":6},"end":{"line":389,"column":8}},"184":{"start":{"line":369,"column":10},"end":{"line":369,"column":30}},"185":{"start":{"line":370,"column":10},"end":{"line":370,"column":35}},"186":{"start":{"line":371,"column":10},"end":{"line":371,"column":82}},"187":{"start":{"line":372,"column":10},"end":{"line":372,"column":31}},"188":{"start":{"line":373,"column":10},"end":{"line":375,"column":11}},"189":{"start":{"line":374,"column":12},"end":{"line":374,"column":57}},"190":{"start":{"line":378,"column":10},"end":{"line":378,"column":40}},"191":{"start":{"line":381,"column":10},"end":{"line":381,"column":43}},"192":{"start":{"line":384,"column":10},"end":{"line":384,"column":37}},"193":{"start":{"line":387,"column":10},"end":{"line":387,"column":51}},"194":{"start":{"line":390,"column":6},"end":{"line":390,"column":46}},"195":{"start":{"line":392,"column":6},"end":{"line":394,"column":7}},"196":{"start":{"line":393,"column":8},"end":{"line":393,"column":62}},"197":{"start":{"line":396,"column":4},"end":{"line":398,"column":30}},"198":{"start":{"line":397,"column":6},"end":{"line":397,"column":32}},"199":{"start":{"line":402,"column":4},"end":{"line":402,"column":48}},"200":{"start":{"line":406,"column":4},"end":{"line":408,"column":5}},"201":{"start":{"line":407,"column":6},"end":{"line":407,"column":13}},"202":{"start":{"line":410,"column":28},"end":{"line":410,"column":46}},"203":{"start":{"line":412,"column":4},"end":{"line":417,"column":5}},"204":{"start":{"line":413,"column":6},"end":{"line":413,"column":26}},"205":{"start":{"line":416,"column":6},"end":{"line":416,"column":50}},"206":{"start":{"line":418,"column":4},"end":{"line":418,"column":18}},"207":{"start":{"line":422,"column":4},"end":{"line":424,"column":5}},"208":{"start":{"line":423,"column":6},"end":{"line":423,"column":13}},"209":{"start":{"line":426,"column":21},"end":{"line":426,"column":30}},"210":{"start":{"line":428,"column":4},"end":{"line":428,"column":33}},"211":{"start":{"line":429,"column":4},"end":{"line":446,"column":7}},"212":{"start":{"line":448,"column":4},"end":{"line":448,"column":26}},"213":{"start":{"line":449,"column":4},"end":{"line":449,"column":23}},"214":{"start":{"line":451,"column":4},"end":{"line":453,"column":5}},"215":{"start":{"line":452,"column":6},"end":{"line":452,"column":37}},"216":{"start":{"line":455,"column":4},"end":{"line":457,"column":5}},"217":{"start":{"line":456,"column":6},"end":{"line":456,"column":50}},"218":{"start":{"line":461,"column":26},"end":{"line":461,"column":45}},"219":{"start":{"line":463,"column":4},"end":{"line":465,"column":5}},"220":{"start":{"line":464,"column":6},"end":{"line":464,"column":19}},"221":{"start":{"line":467,"column":43},"end":{"line":467,"column":47}},"222":{"start":{"line":468,"column":4},"end":{"line":483,"column":5}},"223":{"start":{"line":469,"column":6},"end":{"line":469,"column":128}},"224":{"start":{"line":470,"column":28},"end":{"line":470,"column":88}},"225":{"start":{"line":471,"column":6},"end":{"line":474,"column":7}},"226":{"start":{"line":472,"column":8},"end":{"line":472,"column":48}},"227":{"start":{"line":473,"column":8},"end":{"line":473,"column":20}},"228":{"start":{"line":477,"column":6},"end":{"line":477,"column":127}},"229":{"start":{"line":478,"column":27},"end":{"line":478,"column":96}},"230":{"start":{"line":479,"column":6},"end":{"line":482,"column":7}},"231":{"start":{"line":480,"column":8},"end":{"line":480,"column":48}},"232":{"start":{"line":481,"column":8},"end":{"line":481,"column":20}},"233":{"start":{"line":485,"column":4},"end":{"line":485,"column":45}},"234":{"start":{"line":486,"column":4},"end":{"line":486,"column":17}},"235":{"start":{"line":490,"column":4},"end":{"line":492,"column":5}},"236":{"start":{"line":491,"column":6},"end":{"line":491,"column":52}},"237":{"start":{"line":496,"column":4},"end":{"line":496,"column":195}},"238":{"start":{"line":502,"column":4},"end":{"line":506,"column":5}},"239":{"start":{"line":503,"column":6},"end":{"line":503,"column":108}},"240":{"start":{"line":504,"column":6},"end":{"line":504,"column":29}},"241":{"start":{"line":505,"column":6},"end":{"line":505,"column":38}},"242":{"start":{"line":510,"column":40},"end":{"line":510,"column":49}},"243":{"start":{"line":512,"column":4},"end":{"line":527,"column":5}},"244":{"start":{"line":513,"column":6},"end":{"line":524,"column":7}},"245":{"start":{"line":514,"column":27},"end":{"line":514,"column":36}},"246":{"start":{"line":515,"column":8},"end":{"line":515,"column":116}},"247":{"start":{"line":516,"column":8},"end":{"line":516,"column":64}},"248":{"start":{"line":519,"column":8},"end":{"line":519,"column":80}},"249":{"start":{"line":522,"column":8},"end":{"line":522,"column":31}},"250":{"start":{"line":523,"column":8},"end":{"line":523,"column":40}},"251":{"start":{"line":526,"column":6},"end":{"line":526,"column":63}},"252":{"start":{"line":531,"column":4},"end":{"line":534,"column":5}},"253":{"start":{"line":532,"column":6},"end":{"line":532,"column":64}},"254":{"start":{"line":533,"column":6},"end":{"line":533,"column":23}},"255":{"start":{"line":538,"column":4},"end":{"line":538,"column":64}},"256":{"start":{"line":539,"column":4},"end":{"line":539,"column":27}},"257":{"start":{"line":540,"column":4},"end":{"line":540,"column":23}},"258":{"start":{"line":544,"column":29},"end":{"line":544,"column":38}},"259":{"start":{"line":545,"column":4},"end":{"line":545,"column":26}},"260":{"start":{"line":546,"column":30},"end":{"line":546,"column":74}},"261":{"start":{"line":547,"column":4},"end":{"line":547,"column":97}},"262":{"start":{"line":548,"column":4},"end":{"line":548,"column":73}},"263":{"start":{"line":552,"column":31},"end":{"line":552,"column":54}},"264":{"start":{"line":553,"column":4},"end":{"line":553,"column":65}},"265":{"start":{"line":557,"column":53},"end":{"line":557,"column":62}},"266":{"start":{"line":558,"column":4},"end":{"line":562,"column":5}},"267":{"start":{"line":559,"column":6},"end":{"line":561,"column":9}},"268":{"start":{"line":560,"column":8},"end":{"line":560,"column":40}},"269":{"start":{"line":566,"column":4},"end":{"line":566,"column":37}},"270":{"start":{"line":567,"column":4},"end":{"line":567,"column":37}},"271":{"start":{"line":571,"column":45},"end":{"line":571,"column":54}},"272":{"start":{"line":572,"column":4},"end":{"line":572,"column":58}},"273":{"start":{"line":576,"column":4},"end":{"line":576,"column":82}},"274":{"start":{"line":580,"column":4},"end":{"line":580,"column":39}},"275":{"start":{"line":584,"column":4},"end":{"line":584,"column":38}},"276":{"start":{"line":588,"column":4},"end":{"line":588,"column":32}},"277":{"start":{"line":592,"column":4},"end":{"line":592,"column":37}},"278":{"start":{"line":596,"column":4},"end":{"line":598,"column":5}},"279":{"start":{"line":597,"column":6},"end":{"line":597,"column":53}},"280":{"start":{"line":602,"column":22},"end":{"line":602,"column":23}},"281":{"start":{"line":603,"column":23},"end":{"line":603,"column":24}},"282":{"start":{"line":605,"column":129},"end":{"line":605,"column":138}},"283":{"start":{"line":607,"column":4},"end":{"line":612,"column":5}},"284":{"start":{"line":608,"column":21},"end":{"line":608,"column":58}},"285":{"start":{"line":609,"column":21},"end":{"line":609,"column":49}},"286":{"start":{"line":610,"column":6},"end":{"line":610,"column":26}},"287":{"start":{"line":611,"column":6},"end":{"line":611,"column":29}},"288":{"start":{"line":614,"column":4},"end":{"line":619,"column":5}},"289":{"start":{"line":615,"column":6},"end":{"line":615,"column":64}},"290":{"start":{"line":618,"column":6},"end":{"line":618,"column":67}},"291":{"start":{"line":621,"column":4},"end":{"line":623,"column":5}},"292":{"start":{"line":622,"column":6},"end":{"line":622,"column":80}},"293":{"start":{"line":624,"column":4},"end":{"line":624,"column":44}},"294":{"start":{"line":628,"column":4},"end":{"line":628,"column":48}},"295":{"start":{"line":45,"column":13},"end":{"line":630,"column":null}}},"fnMap":{"0":{"name":"(anonymous_0)","decl":{"start":{"line":29,"column":26},"end":{"line":29,"column":29}},"loc":{"start":{"line":29,"column":32},"end":{"line":29,"column":60}}},"1":{"name":"(anonymous_1)","decl":{"start":{"line":35,"column":26},"end":{"line":35,"column":29}},"loc":{"start":{"line":35,"column":32},"end":{"line":35,"column":60}}},"2":{"name":"(anonymous_2)","decl":{"start":{"line":68,"column":2},"end":{"line":68,"column":22}},"loc":{"start":{"line":75,"column":50},"end":{"line":78,"column":3}}},"3":{"name":"(anonymous_3)","decl":{"start":{"line":65,"column":33},"end":{"line":65,"column":36}},"loc":{"start":{"line":65,"column":38},"end":{"line":65,"column":42}}},"4":{"name":"(anonymous_4)","decl":{"start":{"line":66,"column":28},"end":{"line":66,"column":31}},"loc":{"start":{"line":66,"column":33},"end":{"line":66,"column":37}}},"5":{"name":"(anonymous_5)","decl":{"start":{"line":172,"column":27},"end":{"line":172,"column":28}},"loc":{"start":{"line":172,"column":43},"end":{"line":172,"column":62}}},"6":{"name":"(anonymous_6)","decl":{"start":{"line":499,"column":29},"end":{"line":499,"column":30}},"loc":{"start":{"line":499,"column":49},"end":{"line":499,"column":74}}},"7":{"name":"(anonymous_7)","decl":{"start":{"line":80,"column":35},"end":{"line":80,"column":42}},"loc":{"start":{"line":80,"column":53},"end":{"line":117,"column":3}}},"8":{"name":"(anonymous_8)","decl":{"start":{"line":119,"column":22},"end":{"line":119,"column":28}},"loc":{"start":{"line":119,"column":28},"end":{"line":170,"column":3}}},"9":{"name":"(anonymous_9)","decl":{"start":{"line":174,"column":10},"end":{"line":174,"column":17}},"loc":{"start":{"line":174,"column":28},"end":{"line":180,"column":3}}},"10":{"name":"(anonymous_10)","decl":{"start":{"line":182,"column":9},"end":{"line":182,"column":20}},"loc":{"start":{"line":182,"column":43},"end":{"line":208,"column":3}}},"11":{"name":"(anonymous_11)","decl":{"start":{"line":210,"column":9},"end":{"line":210,"column":20}},"loc":{"start":{"line":210,"column":20},"end":{"line":212,"column":3}}},"12":{"name":"(anonymous_12)","decl":{"start":{"line":214,"column":9},"end":{"line":214,"column":25}},"loc":{"start":{"line":214,"column":25},"end":{"line":219,"column":3}}},"13":{"name":"(anonymous_13)","decl":{"start":{"line":216,"column":30},"end":{"line":216,"column":31}},"loc":{"start":{"line":216,"column":36},"end":{"line":218,"column":5}}},"14":{"name":"(anonymous_14)","decl":{"start":{"line":221,"column":9},"end":{"line":221,"column":21}},"loc":{"start":{"line":221,"column":38},"end":{"line":245,"column":3}}},"15":{"name":"(anonymous_15)","decl":{"start":{"line":223,"column":32},"end":{"line":223,"column":33}},"loc":{"start":{"line":223,"column":38},"end":{"line":225,"column":7}}},"16":{"name":"(anonymous_16)","decl":{"start":{"line":247,"column":9},"end":{"line":247,"column":19}},"loc":{"start":{"line":247,"column":30},"end":{"line":309,"column":3}}},"17":{"name":"(anonymous_17)","decl":{"start":{"line":311,"column":9},"end":{"line":311,"column":25}},"loc":{"start":{"line":311,"column":33},"end":{"line":313,"column":3}}},"18":{"name":"(anonymous_18)","decl":{"start":{"line":315,"column":9},"end":{"line":315,"column":26}},"loc":{"start":{"line":315,"column":34},"end":{"line":317,"column":3}}},"19":{"name":"(anonymous_19)","decl":{"start":{"line":319,"column":9},"end":{"line":319,"column":25}},"loc":{"start":{"line":319,"column":45},"end":{"line":326,"column":3}}},"20":{"name":"(anonymous_20)","decl":{"start":{"line":328,"column":9},"end":{"line":328,"column":17}},"loc":{"start":{"line":328,"column":36},"end":{"line":351,"column":3}}},"21":{"name":"(anonymous_21)","decl":{"start":{"line":353,"column":9},"end":{"line":353,"column":21}},"loc":{"start":{"line":353,"column":21},"end":{"line":399,"column":3}}},"22":{"name":"(anonymous_22)","decl":{"start":{"line":368,"column":8},"end":{"line":368,"column":9}},"loc":{"start":{"line":368,"column":45},"end":{"line":376,"column":9}}},"23":{"name":"(anonymous_23)","decl":{"start":{"line":377,"column":8},"end":{"line":377,"column":9}},"loc":{"start":{"line":377,"column":40},"end":{"line":379,"column":9}}},"24":{"name":"(anonymous_24)","decl":{"start":{"line":380,"column":8},"end":{"line":380,"column":9}},"loc":{"start":{"line":380,"column":39},"end":{"line":382,"column":9}}},"25":{"name":"(anonymous_25)","decl":{"start":{"line":383,"column":8},"end":{"line":383,"column":9}},"loc":{"start":{"line":383,"column":27},"end":{"line":385,"column":9}}},"26":{"name":"(anonymous_26)","decl":{"start":{"line":386,"column":8},"end":{"line":386,"column":11}},"loc":{"start":{"line":386,"column":13},"end":{"line":388,"column":9}}},"27":{"name":"(anonymous_27)","decl":{"start":{"line":396,"column":15},"end":{"line":396,"column":18}},"loc":{"start":{"line":396,"column":20},"end":{"line":398,"column":5}}},"28":{"name":"(anonymous_28)","decl":{"start":{"line":401,"column":9},"end":{"line":401,"column":22}},"loc":{"start":{"line":401,"column":22},"end":{"line":403,"column":3}}},"29":{"name":"(anonymous_29)","decl":{"start":{"line":405,"column":9},"end":{"line":405,"column":23}},"loc":{"start":{"line":405,"column":23},"end":{"line":419,"column":3}}},"30":{"name":"(anonymous_30)","decl":{"start":{"line":421,"column":9},"end":{"line":421,"column":18}},"loc":{"start":{"line":421,"column":18},"end":{"line":458,"column":3}}},"31":{"name":"(anonymous_31)","decl":{"start":{"line":460,"column":9},"end":{"line":460,"column":20}},"loc":{"start":{"line":460,"column":20},"end":{"line":487,"column":3}}},"32":{"name":"(anonymous_32)","decl":{"start":{"line":489,"column":9},"end":{"line":489,"column":21}},"loc":{"start":{"line":489,"column":48},"end":{"line":493,"column":3}}},"33":{"name":"(anonymous_33)","decl":{"start":{"line":495,"column":10},"end":{"line":495,"column":24}},"loc":{"start":{"line":495,"column":40},"end":{"line":497,"column":3}}},"34":{"name":"(anonymous_34)","decl":{"start":{"line":501,"column":10},"end":{"line":501,"column":22}},"loc":{"start":{"line":501,"column":37},"end":{"line":507,"column":3}}},"35":{"name":"(anonymous_35)","decl":{"start":{"line":509,"column":10},"end":{"line":509,"column":23}},"loc":{"start":{"line":509,"column":38},"end":{"line":528,"column":3}}},"36":{"name":"(anonymous_36)","decl":{"start":{"line":530,"column":10},"end":{"line":530,"column":25}},"loc":{"start":{"line":530,"column":25},"end":{"line":535,"column":3}}},"37":{"name":"(anonymous_37)","decl":{"start":{"line":537,"column":10},"end":{"line":537,"column":21}},"loc":{"start":{"line":537,"column":41},"end":{"line":541,"column":3}}},"38":{"name":"(anonymous_38)","decl":{"start":{"line":543,"column":10},"end":{"line":543,"column":22}},"loc":{"start":{"line":543,"column":36},"end":{"line":549,"column":3}}},"39":{"name":"(anonymous_39)","decl":{"start":{"line":551,"column":10},"end":{"line":551,"column":22}},"loc":{"start":{"line":551,"column":22},"end":{"line":554,"column":3}}},"40":{"name":"(anonymous_40)","decl":{"start":{"line":556,"column":10},"end":{"line":556,"column":22}},"loc":{"start":{"line":556,"column":22},"end":{"line":563,"column":3}}},"41":{"name":"(anonymous_41)","decl":{"start":{"line":559,"column":17},"end":{"line":559,"column":20}},"loc":{"start":{"line":559,"column":22},"end":{"line":561,"column":7}}},"42":{"name":"(anonymous_42)","decl":{"start":{"line":565,"column":10},"end":{"line":565,"column":25}},"loc":{"start":{"line":565,"column":49},"end":{"line":568,"column":3}}},"43":{"name":"(anonymous_43)","decl":{"start":{"line":570,"column":10},"end":{"line":570,"column":26}},"loc":{"start":{"line":570,"column":50},"end":{"line":573,"column":3}}},"44":{"name":"(anonymous_44)","decl":{"start":{"line":575,"column":10},"end":{"line":575,"column":31}},"loc":{"start":{"line":575,"column":61},"end":{"line":577,"column":3}}},"45":{"name":"(anonymous_45)","decl":{"start":{"line":579,"column":10},"end":{"line":579,"column":29}},"loc":{"start":{"line":579,"column":57},"end":{"line":581,"column":3}}},"46":{"name":"(anonymous_46)","decl":{"start":{"line":583,"column":10},"end":{"line":583,"column":32}},"loc":{"start":{"line":583,"column":59},"end":{"line":585,"column":3}}},"47":{"name":"(anonymous_47)","decl":{"start":{"line":587,"column":10},"end":{"line":587,"column":27}},"loc":{"start":{"line":587,"column":42},"end":{"line":589,"column":3}}},"48":{"name":"(anonymous_48)","decl":{"start":{"line":591,"column":10},"end":{"line":591,"column":28}},"loc":{"start":{"line":591,"column":43},"end":{"line":593,"column":3}}},"49":{"name":"(anonymous_49)","decl":{"start":{"line":595,"column":10},"end":{"line":595,"column":24}},"loc":{"start":{"line":595,"column":34},"end":{"line":599,"column":3}}},"50":{"name":"(anonymous_50)","decl":{"start":{"line":601,"column":10},"end":{"line":601,"column":29}},"loc":{"start":{"line":601,"column":39},"end":{"line":625,"column":3}}},"51":{"name":"(anonymous_51)","decl":{"start":{"line":627,"column":10},"end":{"line":627,"column":30}},"loc":{"start":{"line":627,"column":44},"end":{"line":629,"column":3}}}},"branchMap":{"0":{"loc":{"start":{"line":82,"column":4},"end":{"line":84,"column":5}},"type":"if","locations":[{"start":{"line":82,"column":4},"end":{"line":84,"column":5}}]},"1":{"loc":{"start":{"line":86,"column":4},"end":{"line":116,"column":5}},"type":"if","locations":[{"start":{"line":86,"column":4},"end":{"line":116,"column":5}},{"start":{"line":89,"column":9},"end":{"line":116,"column":5}}]},"2":{"loc":{"start":{"line":96,"column":6},"end":{"line":112,"column":7}},"type":"if","locations":[{"start":{"line":96,"column":6},"end":{"line":112,"column":7}},{"start":{"line":104,"column":11},"end":{"line":112,"column":7}}]},"3":{"loc":{"start":{"line":100,"column":8},"end":{"line":102,"column":9}},"type":"if","locations":[{"start":{"line":100,"column":8},"end":{"line":102,"column":9}}]},"4":{"loc":{"start":{"line":108,"column":16},"end":{"line":108,"column":100}},"type":"binary-expr","locations":[{"start":{"line":108,"column":16},"end":{"line":108,"column":57}},{"start":{"line":108,"column":61},"end":{"line":108,"column":100}}]},"5":{"loc":{"start":{"line":109,"column":8},"end":{"line":111,"column":9}},"type":"if","locations":[{"start":{"line":109,"column":8},"end":{"line":111,"column":9}}]},"6":{"loc":{"start":{"line":122,"column":4},"end":{"line":167,"column":5}},"type":"if","locations":[{"start":{"line":122,"column":4},"end":{"line":167,"column":5}}]},"7":{"loc":{"start":{"line":127,"column":6},"end":{"line":155,"column":7}},"type":"if","locations":[{"start":{"line":127,"column":6},"end":{"line":155,"column":7}},{"start":{"line":141,"column":11},"end":{"line":155,"column":7}}]},"8":{"loc":{"start":{"line":131,"column":8},"end":{"line":139,"column":9}},"type":"if","locations":[{"start":{"line":131,"column":8},"end":{"line":139,"column":9}}]},"9":{"loc":{"start":{"line":131,"column":12},"end":{"line":131,"column":44}},"type":"binary-expr","locations":[{"start":{"line":131,"column":12},"end":{"line":131,"column":17}},{"start":{"line":131,"column":21},"end":{"line":131,"column":44}}]},"10":{"loc":{"start":{"line":136,"column":10},"end":{"line":138,"column":11}},"type":"if","locations":[{"start":{"line":136,"column":10},"end":{"line":138,"column":11}}]},"11":{"loc":{"start":{"line":145,"column":16},"end":{"line":145,"column":100}},"type":"binary-expr","locations":[{"start":{"line":145,"column":16},"end":{"line":145,"column":57}},{"start":{"line":145,"column":61},"end":{"line":145,"column":100}}]},"12":{"loc":{"start":{"line":146,"column":8},"end":{"line":154,"column":9}},"type":"if","locations":[{"start":{"line":146,"column":8},"end":{"line":154,"column":9}}]},"13":{"loc":{"start":{"line":146,"column":12},"end":{"line":146,"column":44}},"type":"binary-expr","locations":[{"start":{"line":146,"column":12},"end":{"line":146,"column":17}},{"start":{"line":146,"column":21},"end":{"line":146,"column":44}}]},"14":{"loc":{"start":{"line":151,"column":10},"end":{"line":153,"column":11}},"type":"if","locations":[{"start":{"line":151,"column":10},"end":{"line":153,"column":11}}]},"15":{"loc":{"start":{"line":157,"column":6},"end":{"line":164,"column":7}},"type":"if","locations":[{"start":{"line":157,"column":6},"end":{"line":164,"column":7}}]},"16":{"loc":{"start":{"line":157,"column":10},"end":{"line":157,"column":43}},"type":"binary-expr","locations":[{"start":{"line":157,"column":10},"end":{"line":157,"column":16}},{"start":{"line":157,"column":20},"end":{"line":157,"column":43}}]},"17":{"loc":{"start":{"line":158,"column":8},"end":{"line":163,"column":9}},"type":"if","locations":[{"start":{"line":158,"column":8},"end":{"line":163,"column":9}},{"start":{"line":161,"column":13},"end":{"line":163,"column":9}}]},"18":{"loc":{"start":{"line":175,"column":4},"end":{"line":179,"column":5}},"type":"if","locations":[{"start":{"line":175,"column":4},"end":{"line":179,"column":5}}]},"19":{"loc":{"start":{"line":175,"column":8},"end":{"line":177,"column":25}},"type":"binary-expr","locations":[{"start":{"line":175,"column":8},"end":{"line":175,"column":46}},{"start":{"line":175,"column":50},"end":{"line":175,"column":68}},{"start":{"line":175,"column":72},"end":{"line":175,"column":84}},{"start":{"line":175,"column":88},"end":{"line":175,"column":97}},{"start":{"line":176,"column":11},"end":{"line":176,"column":51}},{"start":{"line":176,"column":55},"end":{"line":176,"column":111}},{"start":{"line":177,"column":11},"end":{"line":177,"column":25}}]},"20":{"loc":{"start":{"line":183,"column":4},"end":{"line":185,"column":5}},"type":"if","locations":[{"start":{"line":183,"column":4},"end":{"line":185,"column":5}}]},"21":{"loc":{"start":{"line":187,"column":4},"end":{"line":199,"column":5}},"type":"if","locations":[{"start":{"line":187,"column":4},"end":{"line":199,"column":5}}]},"22":{"loc":{"start":{"line":189,"column":6},"end":{"line":196,"column":7}},"type":"if","locations":[{"start":{"line":189,"column":6},"end":{"line":196,"column":7}},{"start":{"line":194,"column":11},"end":{"line":196,"column":7}}]},"23":{"loc":{"start":{"line":190,"column":8},"end":{"line":192,"column":9}},"type":"if","locations":[{"start":{"line":190,"column":8},"end":{"line":192,"column":9}}]},"24":{"loc":{"start":{"line":201,"column":4},"end":{"line":203,"column":5}},"type":"if","locations":[{"start":{"line":201,"column":4},"end":{"line":203,"column":5}}]},"25":{"loc":{"start":{"line":205,"column":4},"end":{"line":207,"column":5}},"type":"if","locations":[{"start":{"line":205,"column":4},"end":{"line":207,"column":5}}]},"26":{"loc":{"start":{"line":222,"column":4},"end":{"line":226,"column":5}},"type":"if","locations":[{"start":{"line":222,"column":4},"end":{"line":226,"column":5}}]},"27":{"loc":{"start":{"line":230,"column":4},"end":{"line":232,"column":5}},"type":"if","locations":[{"start":{"line":230,"column":4},"end":{"line":232,"column":5}}]},"28":{"loc":{"start":{"line":234,"column":4},"end":{"line":236,"column":5}},"type":"if","locations":[{"start":{"line":234,"column":4},"end":{"line":236,"column":5}}]},"29":{"loc":{"start":{"line":238,"column":4},"end":{"line":240,"column":5}},"type":"if","locations":[{"start":{"line":238,"column":4},"end":{"line":240,"column":5}}]},"30":{"loc":{"start":{"line":238,"column":8},"end":{"line":238,"column":40}},"type":"binary-expr","locations":[{"start":{"line":238,"column":8},"end":{"line":238,"column":30}},{"start":{"line":238,"column":34},"end":{"line":238,"column":40}}]},"31":{"loc":{"start":{"line":242,"column":4},"end":{"line":244,"column":5}},"type":"if","locations":[{"start":{"line":242,"column":4},"end":{"line":244,"column":5}}]},"32":{"loc":{"start":{"line":248,"column":4},"end":{"line":250,"column":5}},"type":"if","locations":[{"start":{"line":248,"column":4},"end":{"line":250,"column":5}}]},"33":{"loc":{"start":{"line":255,"column":4},"end":{"line":308,"column":5}},"type":"if","locations":[{"start":{"line":255,"column":4},"end":{"line":308,"column":5}},{"start":{"line":263,"column":9},"end":{"line":308,"column":5}}]},"34":{"loc":{"start":{"line":259,"column":6},"end":{"line":261,"column":7}},"type":"if","locations":[{"start":{"line":259,"column":6},"end":{"line":261,"column":7}}]},"35":{"loc":{"start":{"line":263,"column":9},"end":{"line":308,"column":5}},"type":"if","locations":[{"start":{"line":263,"column":9},"end":{"line":308,"column":5}},{"start":{"line":284,"column":9},"end":{"line":308,"column":5}}]},"36":{"loc":{"start":{"line":263,"column":13},"end":{"line":263,"column":47}},"type":"binary-expr","locations":[{"start":{"line":263,"column":13},"end":{"line":263,"column":27}},{"start":{"line":263,"column":31},"end":{"line":263,"column":47}}]},"37":{"loc":{"start":{"line":266,"column":6},"end":{"line":268,"column":7}},"type":"if","locations":[{"start":{"line":266,"column":6},"end":{"line":268,"column":7}}]},"38":{"loc":{"start":{"line":274,"column":6},"end":{"line":282,"column":7}},"type":"if","locations":[{"start":{"line":274,"column":6},"end":{"line":282,"column":7}}]},"39":{"loc":{"start":{"line":279,"column":8},"end":{"line":281,"column":9}},"type":"if","locations":[{"start":{"line":279,"column":8},"end":{"line":281,"column":9}}]},"40":{"loc":{"start":{"line":284,"column":9},"end":{"line":308,"column":5}},"type":"if","locations":[{"start":{"line":284,"column":9},"end":{"line":308,"column":5}}]},"41":{"loc":{"start":{"line":284,"column":13},"end":{"line":284,"column":45}},"type":"binary-expr","locations":[{"start":{"line":284,"column":13},"end":{"line":284,"column":26}},{"start":{"line":284,"column":30},"end":{"line":284,"column":45}}]},"42":{"loc":{"start":{"line":287,"column":6},"end":{"line":290,"column":7}},"type":"if","locations":[{"start":{"line":287,"column":6},"end":{"line":290,"column":7}}]},"43":{"loc":{"start":{"line":287,"column":10},"end":{"line":287,"column":32}},"type":"binary-expr","locations":[{"start":{"line":287,"column":10},"end":{"line":287,"column":20}},{"start":{"line":287,"column":24},"end":{"line":287,"column":32}}]},"44":{"loc":{"start":{"line":296,"column":29},"end":{"line":296,"column":113}},"type":"binary-expr","locations":[{"start":{"line":296,"column":29},"end":{"line":296,"column":70}},{"start":{"line":296,"column":74},"end":{"line":296,"column":113}}]},"45":{"loc":{"start":{"line":297,"column":6},"end":{"line":307,"column":7}},"type":"if","locations":[{"start":{"line":297,"column":6},"end":{"line":307,"column":7}}]},"46":{"loc":{"start":{"line":304,"column":8},"end":{"line":306,"column":9}},"type":"if","locations":[{"start":{"line":304,"column":8},"end":{"line":306,"column":9}}]},"47":{"loc":{"start":{"line":323,"column":4},"end":{"line":325,"column":5}},"type":"if","locations":[{"start":{"line":323,"column":4},"end":{"line":325,"column":5}}]},"48":{"loc":{"start":{"line":331,"column":4},"end":{"line":333,"column":5}},"type":"if","locations":[{"start":{"line":331,"column":4},"end":{"line":333,"column":5}}]},"49":{"loc":{"start":{"line":331,"column":8},"end":{"line":331,"column":45}},"type":"binary-expr","locations":[{"start":{"line":331,"column":8},"end":{"line":331,"column":22}},{"start":{"line":331,"column":26},"end":{"line":331,"column":45}}]},"50":{"loc":{"start":{"line":336,"column":4},"end":{"line":349,"column":5}},"type":"if","locations":[{"start":{"line":336,"column":4},"end":{"line":349,"column":5}},{"start":{"line":343,"column":9},"end":{"line":349,"column":5}}]},"51":{"loc":{"start":{"line":339,"column":6},"end":{"line":341,"column":7}},"type":"if","locations":[{"start":{"line":339,"column":6},"end":{"line":341,"column":7}}]},"52":{"loc":{"start":{"line":346,"column":6},"end":{"line":348,"column":7}},"type":"if","locations":[{"start":{"line":346,"column":6},"end":{"line":348,"column":7}}]},"53":{"loc":{"start":{"line":346,"column":10},"end":{"line":346,"column":96}},"type":"binary-expr","locations":[{"start":{"line":346,"column":10},"end":{"line":346,"column":52}},{"start":{"line":346,"column":56},"end":{"line":346,"column":96}}]},"54":{"loc":{"start":{"line":354,"column":4},"end":{"line":356,"column":5}},"type":"if","locations":[{"start":{"line":354,"column":4},"end":{"line":356,"column":5}}]},"55":{"loc":{"start":{"line":359,"column":4},"end":{"line":395,"column":5}},"type":"if","locations":[{"start":{"line":359,"column":4},"end":{"line":395,"column":5}}]},"56":{"loc":{"start":{"line":373,"column":10},"end":{"line":375,"column":11}},"type":"if","locations":[{"start":{"line":373,"column":10},"end":{"line":375,"column":11}}]},"57":{"loc":{"start":{"line":392,"column":6},"end":{"line":394,"column":7}},"type":"if","locations":[{"start":{"line":392,"column":6},"end":{"line":394,"column":7}}]},"58":{"loc":{"start":{"line":406,"column":4},"end":{"line":408,"column":5}},"type":"if","locations":[{"start":{"line":406,"column":4},"end":{"line":408,"column":5}}]},"59":{"loc":{"start":{"line":412,"column":4},"end":{"line":417,"column":5}},"type":"if","locations":[{"start":{"line":412,"column":4},"end":{"line":417,"column":5}},{"start":{"line":415,"column":9},"end":{"line":417,"column":5}}]},"60":{"loc":{"start":{"line":422,"column":4},"end":{"line":424,"column":5}},"type":"if","locations":[{"start":{"line":422,"column":4},"end":{"line":424,"column":5}}]},"61":{"loc":{"start":{"line":451,"column":4},"end":{"line":453,"column":5}},"type":"if","locations":[{"start":{"line":451,"column":4},"end":{"line":453,"column":5}}]},"62":{"loc":{"start":{"line":455,"column":4},"end":{"line":457,"column":5}},"type":"if","locations":[{"start":{"line":455,"column":4},"end":{"line":457,"column":5}}]},"63":{"loc":{"start":{"line":463,"column":4},"end":{"line":465,"column":5}},"type":"if","locations":[{"start":{"line":463,"column":4},"end":{"line":465,"column":5}}]},"64":{"loc":{"start":{"line":463,"column":8},"end":{"line":463,"column":45}},"type":"binary-expr","locations":[{"start":{"line":463,"column":8},"end":{"line":463,"column":22}},{"start":{"line":463,"column":26},"end":{"line":463,"column":45}}]},"65":{"loc":{"start":{"line":468,"column":4},"end":{"line":483,"column":5}},"type":"if","locations":[{"start":{"line":468,"column":4},"end":{"line":483,"column":5}},{"start":{"line":476,"column":9},"end":{"line":483,"column":5}}]},"66":{"loc":{"start":{"line":471,"column":6},"end":{"line":474,"column":7}},"type":"if","locations":[{"start":{"line":471,"column":6},"end":{"line":474,"column":7}}]},"67":{"loc":{"start":{"line":479,"column":6},"end":{"line":482,"column":7}},"type":"if","locations":[{"start":{"line":479,"column":6},"end":{"line":482,"column":7}}]},"68":{"loc":{"start":{"line":479,"column":10},"end":{"line":479,"column":94}},"type":"binary-expr","locations":[{"start":{"line":479,"column":10},"end":{"line":479,"column":51}},{"start":{"line":479,"column":55},"end":{"line":479,"column":94}}]},"69":{"loc":{"start":{"line":490,"column":4},"end":{"line":492,"column":5}},"type":"if","locations":[{"start":{"line":490,"column":4},"end":{"line":492,"column":5}}]},"70":{"loc":{"start":{"line":496,"column":11},"end":{"line":496,"column":194}},"type":"binary-expr","locations":[{"start":{"line":496,"column":11},"end":{"line":496,"column":40}},{"start":{"line":496,"column":44},"end":{"line":496,"column":74}},{"start":{"line":496,"column":78},"end":{"line":496,"column":105}},{"start":{"line":496,"column":109},"end":{"line":496,"column":138}},{"start":{"line":496,"column":142},"end":{"line":496,"column":165}},{"start":{"line":496,"column":169},"end":{"line":496,"column":194}}]},"71":{"loc":{"start":{"line":502,"column":4},"end":{"line":506,"column":5}},"type":"if","locations":[{"start":{"line":502,"column":4},"end":{"line":506,"column":5}}]},"72":{"loc":{"start":{"line":512,"column":4},"end":{"line":527,"column":5}},"type":"if","locations":[{"start":{"line":512,"column":4},"end":{"line":527,"column":5}}]},"73":{"loc":{"start":{"line":512,"column":8},"end":{"line":512,"column":28}},"type":"binary-expr","locations":[{"start":{"line":512,"column":8},"end":{"line":512,"column":17}},{"start":{"line":512,"column":21},"end":{"line":512,"column":28}}]},"74":{"loc":{"start":{"line":513,"column":6},"end":{"line":524,"column":7}},"type":"if","locations":[{"start":{"line":513,"column":6},"end":{"line":524,"column":7}},{"start":{"line":521,"column":11},"end":{"line":524,"column":7}}]},"75":{"loc":{"start":{"line":531,"column":4},"end":{"line":534,"column":5}},"type":"if","locations":[{"start":{"line":531,"column":4},"end":{"line":534,"column":5}}]},"76":{"loc":{"start":{"line":546,"column":30},"end":{"line":546,"column":74}},"type":"cond-expr","locations":[{"start":{"line":546,"column":56},"end":{"line":546,"column":61}},{"start":{"line":546,"column":64},"end":{"line":546,"column":74}}]},"77":{"loc":{"start":{"line":547,"column":12},"end":{"line":547,"column":96}},"type":"cond-expr","locations":[{"start":{"line":547,"column":62},"end":{"line":547,"column":88}},{"start":{"line":547,"column":91},"end":{"line":547,"column":96}}]},"78":{"loc":{"start":{"line":547,"column":12},"end":{"line":547,"column":59}},"type":"binary-expr","locations":[{"start":{"line":547,"column":12},"end":{"line":547,"column":36}},{"start":{"line":547,"column":40},"end":{"line":547,"column":59}}]},"79":{"loc":{"start":{"line":553,"column":11},"end":{"line":553,"column":64}},"type":"cond-expr","locations":[{"start":{"line":553,"column":47},"end":{"line":553,"column":52}},{"start":{"line":553,"column":55},"end":{"line":553,"column":64}}]},"80":{"loc":{"start":{"line":558,"column":4},"end":{"line":562,"column":5}},"type":"if","locations":[{"start":{"line":558,"column":4},"end":{"line":562,"column":5}}]},"81":{"loc":{"start":{"line":558,"column":8},"end":{"line":558,"column":57}},"type":"binary-expr","locations":[{"start":{"line":558,"column":8},"end":{"line":558,"column":30}},{"start":{"line":558,"column":34},"end":{"line":558,"column":57}}]},"82":{"loc":{"start":{"line":572,"column":25},"end":{"line":572,"column":57}},"type":"cond-expr","locations":[{"start":{"line":572,"column":35},"end":{"line":572,"column":44}},{"start":{"line":572,"column":47},"end":{"line":572,"column":57}}]},"83":{"loc":{"start":{"line":596,"column":4},"end":{"line":598,"column":5}},"type":"if","locations":[{"start":{"line":596,"column":4},"end":{"line":598,"column":5}}]},"84":{"loc":{"start":{"line":607,"column":4},"end":{"line":612,"column":5}},"type":"if","locations":[{"start":{"line":607,"column":4},"end":{"line":612,"column":5}}]},"85":{"loc":{"start":{"line":614,"column":4},"end":{"line":619,"column":5}},"type":"if","locations":[{"start":{"line":614,"column":4},"end":{"line":619,"column":5}},{"start":{"line":617,"column":9},"end":{"line":619,"column":5}}]},"86":{"loc":{"start":{"line":618,"column":39},"end":{"line":618,"column":65}},"type":"cond-expr","locations":[{"start":{"line":618,"column":59},"end":{"line":618,"column":61}},{"start":{"line":618,"column":64},"end":{"line":618,"column":65}}]},"87":{"loc":{"start":{"line":621,"column":4},"end":{"line":623,"column":5}},"type":"if","locations":[{"start":{"line":621,"column":4},"end":{"line":623,"column":5}}]}},"s":{"0":1,"1":0,"2":1,"3":0,"4":68,"5":68,"6":68,"7":68,"8":68,"9":68,"10":68,"11":68,"12":68,"13":68,"14":68,"15":68,"16":68,"17":68,"18":68,"19":68,"20":68,"21":68,"22":68,"23":68,"24":68,"25":68,"26":68,"27":1,"28":68,"29":0,"30":68,"31":68,"32":4,"33":4,"34":1,"35":3,"36":1,"37":2,"38":2,"39":2,"40":2,"41":2,"42":2,"43":1,"44":1,"45":1,"46":1,"47":0,"48":1,"49":1,"50":1,"51":1,"52":1,"53":0,"54":2,"55":2,"56":4,"57":4,"58":4,"59":4,"60":4,"61":4,"62":3,"63":3,"64":3,"65":3,"66":2,"67":2,"68":2,"69":2,"70":2,"71":1,"72":1,"73":1,"74":1,"75":1,"76":1,"77":1,"78":1,"79":1,"80":1,"81":4,"82":1,"83":1,"84":0,"85":4,"86":4,"87":1,"88":0,"89":68,"90":0,"91":68,"92":0,"93":0,"94":0,"95":0,"96":0,"97":0,"98":68,"99":68,"100":68,"101":0,"102":68,"103":1,"104":1,"105":5,"106":216,"107":216,"108":3600,"109":216,"110":216,"111":0,"112":216,"113":0,"114":216,"115":2,"116":216,"117":1,"118":8,"119":0,"120":8,"121":8,"122":8,"123":2,"124":2,"125":2,"126":2,"127":6,"128":3,"129":3,"130":1,"131":3,"132":3,"133":3,"134":3,"135":3,"136":3,"137":3,"138":3,"139":2,"140":3,"141":3,"142":3,"143":1,"144":1,"145":3,"146":3,"147":3,"148":3,"149":3,"150":3,"151":3,"152":3,"153":3,"154":3,"155":2,"156":0,"157":0,"158":0,"159":0,"160":0,"161":0,"162":0,"163":0,"164":0,"165":0,"166":0,"167":0,"168":0,"169":0,"170":0,"171":0,"172":0,"173":0,"174":0,"175":0,"176":94,"177":0,"178":94,"179":94,"180":94,"181":91,"182":91,"183":91,"184":18,"185":18,"186":18,"187":18,"188":18,"189":17,"190":170,"191":5,"192":117,"193":0,"194":91,"195":91,"196":90,"197":94,"198":88,"199":150,"200":2,"201":0,"202":2,"203":2,"204":1,"205":1,"206":2,"207":4,"208":0,"209":4,"210":4,"211":4,"212":4,"213":4,"214":4,"215":0,"216":4,"217":4,"218":2,"219":2,"220":1,"221":1,"222":1,"223":1,"224":1,"225":1,"226":1,"227":1,"228":0,"229":0,"230":0,"231":0,"232":0,"233":0,"234":0,"235":4,"236":4,"237":4,"238":0,"239":0,"240":0,"241":0,"242":176,"243":176,"244":91,"245":2,"246":2,"247":2,"248":2,"249":89,"250":89,"251":91,"252":89,"253":89,"254":89,"255":21,"256":21,"257":21,"258":33,"259":33,"260":33,"261":33,"262":33,"263":103,"264":103,"265":18,"266":18,"267":18,"268":18,"269":25,"270":25,"271":31,"272":31,"273":29,"274":170,"275":5,"276":117,"277":180,"278":91,"279":2,"280":91,"281":91,"282":91,"283":91,"284":2,"285":2,"286":2,"287":2,"288":91,"289":1,"290":90,"291":91,"292":1,"293":91,"294":2,"295":1},"f":{"0":0,"1":0,"2":68,"3":27,"4":29,"5":1,"6":0,"7":4,"8":4,"9":1,"10":68,"11":68,"12":1,"13":5,"14":216,"15":3600,"16":8,"17":0,"18":0,"19":0,"20":0,"21":94,"22":18,"23":170,"24":5,"25":117,"26":0,"27":88,"28":150,"29":2,"30":4,"31":2,"32":4,"33":4,"34":0,"35":176,"36":89,"37":21,"38":33,"39":103,"40":18,"41":18,"42":25,"43":31,"44":29,"45":170,"46":5,"47":117,"48":180,"49":91,"50":91,"51":2},"b":{"0":[1],"1":[1,2],"2":[1,1],"3":[0],"4":[1,0],"5":[0],"6":[4],"7":[3,1],"8":[2],"9":[3,2],"10":[2],"11":[1,1],"12":[1],"13":[1,1],"14":[1],"15":[1],"16":[4,1],"17":[1,0],"18":[0],"19":[1,1,0,0,0,0,0],"20":[0],"21":[0],"22":[0,0],"23":[0],"24":[68],"25":[0],"26":[216],"27":[0],"28":[0],"29":[2],"30":[216,215],"31":[1],"32":[0],"33":[2,6],"34":[2],"35":[3,3],"36":[6,3],"37":[1],"38":[3],"39":[2],"40":[3],"41":[3,3],"42":[1],"43":[3,2],"44":[3,3],"45":[3],"46":[2],"47":[0],"48":[0],"49":[0,0],"50":[0,0],"51":[0],"52":[0],"53":[0,0],"54":[0],"55":[91],"56":[17],"57":[90],"58":[0],"59":[1,1],"60":[0],"61":[0],"62":[4],"63":[1],"64":[2,2],"65":[1,0],"66":[1],"67":[0],"68":[0,0],"69":[4],"70":[4,4,4,4,4,3],"71":[0],"72":[91],"73":[176,92],"74":[2,89],"75":[89],"76":[33,0],"77":[0,33],"78":[33,0],"79":[103,0],"80":[18],"81":[18,18],"82":[7,24],"83":[2],"84":[2],"85":[1,90],"86":[88,2],"87":[1]}}
,"D:\\Baxter\\html\\trade-datepicker\\projects\\angular-mydatepicker\\src\\lib\\angular-mydatepicker.module.ts": {"path":"D:\\Baxter\\html\\trade-datepicker\\projects\\angular-mydatepicker\\src\\lib\\angular-mydatepicker.module.ts","statementMap":{"0":{"start":{"line":41,"column":7},"end":{"line":41,"column":null}},"1":{"start":{"line":41,"column":13},"end":{"line":41,"column":null}}},"fnMap":{},"branchMap":{},"s":{"0":1,"1":1},"f":{},"b":{}}
,"D:\\Baxter\\html\\trade-datepicker\\projects\\angular-mydatepicker\\src\\lib\\components\\calendar\\calendar.component.ts": {"path":"D:\\Baxter\\html\\trade-datepicker\\projects\\angular-mydatepicker\\src\\lib\\components\\calendar\\calendar.component.ts","statementMap":{"0":{"start":{"line":72,"column":22},"end":{"line":72,"column":28}},"1":{"start":{"line":72,"column":48},"end":{"line":72,"column":58}},"2":{"start":{"line":72,"column":77},"end":{"line":72,"column":82}},"3":{"start":{"line":72,"column":109},"end":{"line":72,"column":122}},"4":{"start":{"line":39,"column":33},"end":{"line":39,"column":null}},"5":{"start":{"line":42,"column":2},"end":{"line":42,"column":71}},"6":{"start":{"line":43,"column":2},"end":{"line":43,"column":51}},"7":{"start":{"line":44,"column":2},"end":{"line":44,"column":54}},"8":{"start":{"line":45,"column":2},"end":{"line":45,"column":107}},"9":{"start":{"line":46,"column":2},"end":{"line":46,"column":31}},"10":{"start":{"line":47,"column":2},"end":{"line":47,"column":29}},"11":{"start":{"line":48,"column":2},"end":{"line":48,"column":46}},"12":{"start":{"line":49,"column":2},"end":{"line":49,"column":44}},"13":{"start":{"line":50,"column":2},"end":{"line":50,"column":29}},"14":{"start":{"line":51,"column":2},"end":{"line":51,"column":21}},"15":{"start":{"line":52,"column":2},"end":{"line":52,"column":60}},"16":{"start":{"line":54,"column":2},"end":{"line":54,"column":31}},"17":{"start":{"line":55,"column":2},"end":{"line":55,"column":30}},"18":{"start":{"line":57,"column":2},"end":{"line":57,"column":31}},"19":{"start":{"line":65,"column":2},"end":{"line":65,"column":42}},"20":{"start":{"line":67,"column":2},"end":{"line":67,"column":36}},"21":{"start":{"line":68,"column":2},"end":{"line":68,"column":36}},"22":{"start":{"line":73,"column":4},"end":{"line":77,"column":7}},"23":{"start":{"line":74,"column":6},"end":{"line":76,"column":7}},"24":{"start":{"line":75,"column":8},"end":{"line":75,"column":36}},"25":{"start":{"line":81,"column":52},"end":{"line":81,"column":61}},"26":{"start":{"line":83,"column":4},"end":{"line":87,"column":5}},"27":{"start":{"line":84,"column":31},"end":{"line":84,"column":65}},"28":{"start":{"line":85,"column":6},"end":{"line":85,"column":90}},"29":{"start":{"line":86,"column":6},"end":{"line":86,"column":73}},"30":{"start":{"line":89,"column":4},"end":{"line":91,"column":5}},"31":{"start":{"line":90,"column":6},"end":{"line":90,"column":57}},"32":{"start":{"line":93,"column":4},"end":{"line":95,"column":5}},"33":{"start":{"line":94,"column":6},"end":{"line":94,"column":29}},"34":{"start":{"line":99,"column":4},"end":{"line":99,"column":25}},"35":{"start":{"line":103,"column":4},"end":{"line":103,"column":21}},"36":{"start":{"line":104,"column":4},"end":{"line":104,"column":35}},"37":{"start":{"line":106,"column":4},"end":{"line":106,"column":26}},"38":{"start":{"line":107,"column":4},"end":{"line":107,"column":35}},"39":{"start":{"line":108,"column":4},"end":{"line":108,"column":34}},"40":{"start":{"line":109,"column":4},"end":{"line":109,"column":28}},"41":{"start":{"line":110,"column":4},"end":{"line":110,"column":27}},"42":{"start":{"line":112,"column":53},"end":{"line":112,"column":57}},"43":{"start":{"line":114,"column":4},"end":{"line":114,"column":29}},"44":{"start":{"line":115,"column":4},"end":{"line":115,"column":59}},"45":{"start":{"line":116,"column":4},"end":{"line":122,"column":5}},"46":{"start":{"line":117,"column":24},"end":{"line":117,"column":35}},"47":{"start":{"line":118,"column":6},"end":{"line":121,"column":7}},"48":{"start":{"line":118,"column":19},"end":{"line":118,"column":20}},"49":{"start":{"line":119,"column":8},"end":{"line":119,"column":61}},"50":{"start":{"line":120,"column":8},"end":{"line":120,"column":57}},"51":{"start":{"line":124,"column":4},"end":{"line":124,"column":65}},"52":{"start":{"line":125,"column":4},"end":{"line":125,"column":35}},"53":{"start":{"line":126,"column":4},"end":{"line":126,"column":37}},"54":{"start":{"line":130,"column":24},"end":{"line":130,"column":33}},"55":{"start":{"line":133,"column":27},"end":{"line":133,"column":54}},"56":{"start":{"line":134,"column":4},"end":{"line":134,"column":67}},"57":{"start":{"line":137,"column":42},"end":{"line":137,"column":54}},"58":{"start":{"line":138,"column":4},"end":{"line":140,"column":5}},"59":{"start":{"line":139,"column":6},"end":{"line":139,"column":72}},"60":{"start":{"line":142,"column":43},"end":{"line":142,"column":47}},"61":{"start":{"line":143,"column":4},"end":{"line":166,"column":5}},"62":{"start":{"line":145,"column":6},"end":{"line":145,"column":128}},"63":{"start":{"line":146,"column":28},"end":{"line":146,"column":93}},"64":{"start":{"line":148,"column":6},"end":{"line":153,"column":7}},"65":{"start":{"line":149,"column":8},"end":{"line":149,"column":33}},"66":{"start":{"line":150,"column":8},"end":{"line":152,"column":9}},"67":{"start":{"line":151,"column":10},"end":{"line":151,"column":71}},"68":{"start":{"line":157,"column":6},"end":{"line":157,"column":128}},"69":{"start":{"line":158,"column":27},"end":{"line":158,"column":101}},"70":{"start":{"line":160,"column":6},"end":{"line":165,"column":7}},"71":{"start":{"line":161,"column":8},"end":{"line":161,"column":46}},"72":{"start":{"line":162,"column":8},"end":{"line":164,"column":9}},"73":{"start":{"line":163,"column":10},"end":{"line":163,"column":73}},"74":{"start":{"line":170,"column":4},"end":{"line":170,"column":21}},"75":{"start":{"line":172,"column":26},"end":{"line":172,"column":30}},"76":{"start":{"line":174,"column":4},"end":{"line":174,"column":65}},"77":{"start":{"line":175,"column":4},"end":{"line":175,"column":35}},"78":{"start":{"line":176,"column":4},"end":{"line":176,"column":37}},"79":{"start":{"line":180,"column":42},"end":{"line":180,"column":51}},"80":{"start":{"line":182,"column":4},"end":{"line":201,"column":5}},"81":{"start":{"line":183,"column":6},"end":{"line":185,"column":7}},"82":{"start":{"line":184,"column":8},"end":{"line":184,"column":40}},"83":{"start":{"line":187,"column":9},"end":{"line":201,"column":5}},"84":{"start":{"line":188,"column":6},"end":{"line":190,"column":7}},"85":{"start":{"line":189,"column":8},"end":{"line":189,"column":40}},"86":{"start":{"line":192,"column":9},"end":{"line":201,"column":5}},"87":{"start":{"line":193,"column":6},"end":{"line":195,"column":7}},"88":{"start":{"line":194,"column":8},"end":{"line":194,"column":37}},"89":{"start":{"line":197,"column":9},"end":{"line":201,"column":5}},"90":{"start":{"line":198,"column":6},"end":{"line":200,"column":7}},"91":{"start":{"line":199,"column":8},"end":{"line":199,"column":36}},"92":{"start":{"line":205,"column":4},"end":{"line":210,"column":5}},"93":{"start":{"line":206,"column":6},"end":{"line":206,"column":33}},"94":{"start":{"line":208,"column":9},"end":{"line":210,"column":5}},"95":{"start":{"line":209,"column":6},"end":{"line":209,"column":32}},"96":{"start":{"line":214,"column":28},"end":{"line":214,"column":43}},"97":{"start":{"line":215,"column":23},"end":{"line":215,"column":27}},"98":{"start":{"line":217,"column":20},"end":{"line":217,"column":74}},"99":{"start":{"line":218,"column":4},"end":{"line":225,"column":5}},"100":{"start":{"line":219,"column":6},"end":{"line":219,"column":53}},"101":{"start":{"line":222,"column":23},"end":{"line":222,"column":78}},"102":{"start":{"line":223,"column":6},"end":{"line":223,"column":56}},"103":{"start":{"line":224,"column":6},"end":{"line":224,"column":55}},"104":{"start":{"line":229,"column":4},"end":{"line":235,"column":5}},"105":{"start":{"line":230,"column":6},"end":{"line":230,"column":55}},"106":{"start":{"line":233,"column":6},"end":{"line":233,"column":66}},"107":{"start":{"line":234,"column":6},"end":{"line":234,"column":64}},"108":{"start":{"line":239,"column":26},"end":{"line":239,"column":53}},"109":{"start":{"line":240,"column":4},"end":{"line":240,"column":55}},"110":{"start":{"line":242,"column":4},"end":{"line":242,"column":26}},"111":{"start":{"line":243,"column":4},"end":{"line":243,"column":35}},"112":{"start":{"line":244,"column":4},"end":{"line":244,"column":32}},"113":{"start":{"line":248,"column":4},"end":{"line":248,"column":29}},"114":{"start":{"line":249,"column":4},"end":{"line":249,"column":28}},"115":{"start":{"line":253,"column":4},"end":{"line":253,"column":28}},"116":{"start":{"line":254,"column":4},"end":{"line":254,"column":31}},"117":{"start":{"line":258,"column":4},"end":{"line":258,"column":41}},"118":{"start":{"line":259,"column":4},"end":{"line":259,"column":28}},"119":{"start":{"line":261,"column":4},"end":{"line":261,"column":29}},"120":{"start":{"line":262,"column":4},"end":{"line":269,"column":5}},"121":{"start":{"line":263,"column":6},"end":{"line":263,"column":28}},"122":{"start":{"line":266,"column":31},"end":{"line":266,"column":49}},"123":{"start":{"line":267,"column":6},"end":{"line":267,"column":86}},"124":{"start":{"line":268,"column":6},"end":{"line":268,"column":50}},"125":{"start":{"line":273,"column":4},"end":{"line":273,"column":28}},"126":{"start":{"line":275,"column":29},"end":{"line":275,"column":46}},"127":{"start":{"line":276,"column":33},"end":{"line":276,"column":54}},"128":{"start":{"line":277,"column":4},"end":{"line":277,"column":94}},"129":{"start":{"line":278,"column":4},"end":{"line":278,"column":35}},"130":{"start":{"line":279,"column":4},"end":{"line":279,"column":55}},"131":{"start":{"line":280,"column":4},"end":{"line":280,"column":29}},"132":{"start":{"line":281,"column":4},"end":{"line":281,"column":27}},"133":{"start":{"line":286,"column":35},"end":{"line":286,"column":77}},"134":{"start":{"line":287,"column":57},"end":{"line":287,"column":151}},"135":{"start":{"line":289,"column":4},"end":{"line":291,"column":5}},"136":{"start":{"line":290,"column":6},"end":{"line":290,"column":81}},"137":{"start":{"line":295,"column":4},"end":{"line":295,"column":28}},"138":{"start":{"line":296,"column":4},"end":{"line":296,"column":30}},"139":{"start":{"line":300,"column":4},"end":{"line":300,"column":39}},"140":{"start":{"line":301,"column":4},"end":{"line":301,"column":29}},"141":{"start":{"line":303,"column":4},"end":{"line":303,"column":29}},"142":{"start":{"line":304,"column":4},"end":{"line":311,"column":5}},"143":{"start":{"line":305,"column":6},"end":{"line":305,"column":49}},"144":{"start":{"line":308,"column":31},"end":{"line":308,"column":49}},"145":{"start":{"line":309,"column":6},"end":{"line":309,"column":86}},"146":{"start":{"line":310,"column":6},"end":{"line":310,"column":50}},"147":{"start":{"line":315,"column":4},"end":{"line":315,"column":28}},"148":{"start":{"line":317,"column":39},"end":{"line":317,"column":56}},"149":{"start":{"line":318,"column":24},"end":{"line":318,"column":42}},"150":{"start":{"line":319,"column":4},"end":{"line":319,"column":62}},"151":{"start":{"line":320,"column":4},"end":{"line":320,"column":40}},"152":{"start":{"line":321,"column":4},"end":{"line":321,"column":51}},"153":{"start":{"line":322,"column":4},"end":{"line":322,"column":28}},"154":{"start":{"line":323,"column":4},"end":{"line":323,"column":27}},"155":{"start":{"line":328,"column":35},"end":{"line":328,"column":77}},"156":{"start":{"line":329,"column":57},"end":{"line":329,"column":149}},"157":{"start":{"line":331,"column":4},"end":{"line":333,"column":5}},"158":{"start":{"line":332,"column":6},"end":{"line":332,"column":80}},"159":{"start":{"line":337,"column":27},"end":{"line":337,"column":54}},"160":{"start":{"line":338,"column":4},"end":{"line":338,"column":27}},"161":{"start":{"line":340,"column":29},"end":{"line":340,"column":46}},"162":{"start":{"line":341,"column":31},"end":{"line":341,"column":40}},"163":{"start":{"line":343,"column":22},"end":{"line":343,"column":23}},"164":{"start":{"line":344,"column":4},"end":{"line":362,"column":5}},"165":{"start":{"line":344,"column":17},"end":{"line":344,"column":18}},"166":{"start":{"line":345,"column":47},"end":{"line":345,"column":49}},"167":{"start":{"line":346,"column":16},"end":{"line":346,"column":27}},"168":{"start":{"line":348,"column":6},"end":{"line":359,"column":7}},"169":{"start":{"line":348,"column":19},"end":{"line":348,"column":20}},"170":{"start":{"line":349,"column":34},"end":{"line":349,"column":86}},"171":{"start":{"line":350,"column":8},"end":{"line":358,"column":11}},"172":{"start":{"line":360,"column":6},"end":{"line":360,"column":12}},"173":{"start":{"line":361,"column":6},"end":{"line":361,"column":32}},"174":{"start":{"line":364,"column":4},"end":{"line":364,"column":50}},"175":{"start":{"line":368,"column":36},"end":{"line":368,"column":45}},"176":{"start":{"line":370,"column":20},"end":{"line":370,"column":34}},"177":{"start":{"line":371,"column":4},"end":{"line":373,"column":5}},"178":{"start":{"line":372,"column":6},"end":{"line":372,"column":18}},"179":{"start":{"line":375,"column":4},"end":{"line":377,"column":5}},"180":{"start":{"line":376,"column":6},"end":{"line":376,"column":23}},"181":{"start":{"line":379,"column":19},"end":{"line":379,"column":36}},"182":{"start":{"line":381,"column":4},"end":{"line":381,"column":26}},"183":{"start":{"line":382,"column":27},"end":{"line":382,"column":54}},"184":{"start":{"line":384,"column":22},"end":{"line":384,"column":23}},"185":{"start":{"line":385,"column":4},"end":{"line":402,"column":5}},"186":{"start":{"line":385,"column":17},"end":{"line":385,"column":18}},"187":{"start":{"line":386,"column":46},"end":{"line":386,"column":48}},"188":{"start":{"line":387,"column":24},"end":{"line":387,"column":35}},"189":{"start":{"line":389,"column":6},"end":{"line":399,"column":7}},"190":{"start":{"line":389,"column":19},"end":{"line":389,"column":20}},"191":{"start":{"line":390,"column":34},"end":{"line":390,"column":79}},"192":{"start":{"line":391,"column":8},"end":{"line":398,"column":11}},"193":{"start":{"line":400,"column":6},"end":{"line":400,"column":12}},"194":{"start":{"line":401,"column":6},"end":{"line":401,"column":31}},"195":{"start":{"line":404,"column":30},"end":{"line":404,"column":64}},"196":{"start":{"line":405,"column":28},"end":{"line":405,"column":42}},"197":{"start":{"line":406,"column":4},"end":{"line":406,"column":102}},"198":{"start":{"line":408,"column":4},"end":{"line":408,"column":63}},"199":{"start":{"line":412,"column":17},"end":{"line":412,"column":44}},"200":{"start":{"line":413,"column":4},"end":{"line":413,"column":26}},"201":{"start":{"line":417,"column":20},"end":{"line":417,"column":24}},"202":{"start":{"line":418,"column":4},"end":{"line":421,"column":5}},"203":{"start":{"line":419,"column":21},"end":{"line":419,"column":48}},"204":{"start":{"line":420,"column":6},"end":{"line":420,"column":18}},"205":{"start":{"line":422,"column":4},"end":{"line":422,"column":32}},"206":{"start":{"line":427,"column":29},"end":{"line":427,"column":47}},"207":{"start":{"line":428,"column":4},"end":{"line":428,"column":84}},"208":{"start":{"line":431,"column":4},"end":{"line":431,"column":48}},"209":{"start":{"line":435,"column":4},"end":{"line":435,"column":30}},"210":{"start":{"line":439,"column":4},"end":{"line":448,"column":5}},"211":{"start":{"line":440,"column":6},"end":{"line":440,"column":35}},"212":{"start":{"line":442,"column":9},"end":{"line":448,"column":5}},"213":{"start":{"line":443,"column":6},"end":{"line":443,"column":31}},"214":{"start":{"line":444,"column":6},"end":{"line":444,"column":28}},"215":{"start":{"line":446,"column":9},"end":{"line":448,"column":5}},"216":{"start":{"line":447,"column":6},"end":{"line":447,"column":66}},"217":{"start":{"line":452,"column":4},"end":{"line":461,"column":5}},"218":{"start":{"line":453,"column":6},"end":{"line":453,"column":34}},"219":{"start":{"line":455,"column":9},"end":{"line":461,"column":5}},"220":{"start":{"line":456,"column":6},"end":{"line":456,"column":31}},"221":{"start":{"line":457,"column":6},"end":{"line":457,"column":28}},"222":{"start":{"line":459,"column":9},"end":{"line":461,"column":5}},"223":{"start":{"line":460,"column":6},"end":{"line":460,"column":66}},"224":{"start":{"line":465,"column":25},"end":{"line":465,"column":40}},"225":{"start":{"line":467,"column":29},"end":{"line":467,"column":46}},"226":{"start":{"line":469,"column":20},"end":{"line":469,"column":65}},"227":{"start":{"line":470,"column":4},"end":{"line":470,"column":38}},"228":{"start":{"line":472,"column":22},"end":{"line":472,"column":37}},"229":{"start":{"line":473,"column":22},"end":{"line":473,"column":38}},"230":{"start":{"line":475,"column":4},"end":{"line":475,"column":83}},"231":{"start":{"line":476,"column":4},"end":{"line":476,"column":38}},"232":{"start":{"line":480,"column":28},"end":{"line":480,"column":71}},"233":{"start":{"line":481,"column":4},"end":{"line":483,"column":5}},"234":{"start":{"line":482,"column":6},"end":{"line":482,"column":25}},"235":{"start":{"line":488,"column":4},"end":{"line":488,"column":34}},"236":{"start":{"line":489,"column":4},"end":{"line":489,"column":32}},"237":{"start":{"line":494,"column":35},"end":{"line":494,"column":77}},"238":{"start":{"line":495,"column":57},"end":{"line":495,"column":149}},"239":{"start":{"line":496,"column":4},"end":{"line":498,"column":5}},"240":{"start":{"line":497,"column":6},"end":{"line":497,"column":80}},"241":{"start":{"line":502,"column":28},"end":{"line":502,"column":29}},"242":{"start":{"line":503,"column":28},"end":{"line":503,"column":29}},"243":{"start":{"line":504,"column":4},"end":{"line":509,"column":5}},"244":{"start":{"line":506,"column":33},"end":{"line":506,"column":66}},"245":{"start":{"line":507,"column":6},"end":{"line":507,"column":33}},"246":{"start":{"line":508,"column":6},"end":{"line":508,"column":33}},"247":{"start":{"line":510,"column":4},"end":{"line":510,"column":34}},"248":{"start":{"line":514,"column":29},"end":{"line":514,"column":33}},"249":{"start":{"line":515,"column":28},"end":{"line":515,"column":31}},"250":{"start":{"line":516,"column":28},"end":{"line":516,"column":31}},"251":{"start":{"line":517,"column":29},"end":{"line":517,"column":34}},"252":{"start":{"line":519,"column":28},"end":{"line":519,"column":71}},"253":{"start":{"line":520,"column":4},"end":{"line":536,"column":5}},"254":{"start":{"line":521,"column":6},"end":{"line":521,"column":18}},"255":{"start":{"line":523,"column":9},"end":{"line":536,"column":5}},"256":{"start":{"line":524,"column":6},"end":{"line":524,"column":18}},"257":{"start":{"line":525,"column":6},"end":{"line":525,"column":23}},"258":{"start":{"line":527,"column":9},"end":{"line":536,"column":5}},"259":{"start":{"line":528,"column":6},"end":{"line":528,"column":18}},"260":{"start":{"line":530,"column":9},"end":{"line":536,"column":5}},"261":{"start":{"line":531,"column":6},"end":{"line":531,"column":18}},"262":{"start":{"line":532,"column":6},"end":{"line":532,"column":23}},"263":{"start":{"line":535,"column":6},"end":{"line":535,"column":24}},"264":{"start":{"line":537,"column":4},"end":{"line":537,"column":56}},"265":{"start":{"line":541,"column":30},"end":{"line":541,"column":72}},"266":{"start":{"line":542,"column":20},"end":{"line":542,"column":80}},"267":{"start":{"line":544,"column":4},"end":{"line":563,"column":5}},"268":{"start":{"line":546,"column":24},"end":{"line":546,"column":50}},"269":{"start":{"line":547,"column":26},"end":{"line":547,"column":52}},"270":{"start":{"line":549,"column":29},"end":{"line":549,"column":33}},"271":{"start":{"line":550,"column":6},"end":{"line":557,"column":7}},"272":{"start":{"line":552,"column":8},"end":{"line":552,"column":98}},"273":{"start":{"line":552,"column":58},"end":{"line":552,"column":96}},"274":{"start":{"line":556,"column":8},"end":{"line":556,"column":111}},"275":{"start":{"line":556,"column":71},"end":{"line":556,"column":109}},"276":{"start":{"line":559,"column":6},"end":{"line":559,"column":71}},"277":{"start":{"line":562,"column":6},"end":{"line":562,"column":19}},"278":{"start":{"line":567,"column":4},"end":{"line":567,"column":42}},"279":{"start":{"line":571,"column":4},"end":{"line":571,"column":83}},"280":{"start":{"line":575,"column":101},"end":{"line":575,"column":110}},"281":{"start":{"line":577,"column":4},"end":{"line":640,"column":5}},"282":{"start":{"line":579,"column":46},"end":{"line":579,"column":110}},"283":{"start":{"line":580,"column":44},"end":{"line":580,"column":106}},"284":{"start":{"line":581,"column":6},"end":{"line":634,"column":7}},"285":{"start":{"line":583,"column":8},"end":{"line":583,"column":44}},"286":{"start":{"line":584,"column":8},"end":{"line":584,"column":66}},"287":{"start":{"line":585,"column":8},"end":{"line":592,"column":11}},"288":{"start":{"line":594,"column":11},"end":{"line":634,"column":7}},"289":{"start":{"line":596,"column":8},"end":{"line":596,"column":44}},"290":{"start":{"line":597,"column":8},"end":{"line":604,"column":11}},"291":{"start":{"line":609,"column":42},"end":{"line":609,"column":108}},"292":{"start":{"line":610,"column":8},"end":{"line":633,"column":9}},"293":{"start":{"line":611,"column":10},"end":{"line":611,"column":46}},"294":{"start":{"line":612,"column":10},"end":{"line":619,"column":13}},"295":{"start":{"line":622,"column":10},"end":{"line":622,"column":44}},"296":{"start":{"line":623,"column":10},"end":{"line":630,"column":13}},"297":{"start":{"line":632,"column":10},"end":{"line":632,"column":165}},"298":{"start":{"line":638,"column":6},"end":{"line":638,"column":31}},"299":{"start":{"line":639,"column":6},"end":{"line":639,"column":156}},"300":{"start":{"line":645,"column":20},"end":{"line":645,"column":30}},"301":{"start":{"line":646,"column":4},"end":{"line":646,"column":17}},"302":{"start":{"line":647,"column":4},"end":{"line":647,"column":22}},"303":{"start":{"line":648,"column":4},"end":{"line":648,"column":21}},"304":{"start":{"line":649,"column":16},"end":{"line":649,"column":45}},"305":{"start":{"line":650,"column":4},"end":{"line":650,"column":36}},"306":{"start":{"line":655,"column":4},"end":{"line":655,"column":68}},"307":{"start":{"line":660,"column":31},"end":{"line":660,"column":35}},"308":{"start":{"line":661,"column":20},"end":{"line":661,"column":64}},"309":{"start":{"line":662,"column":4},"end":{"line":662,"column":22}},"310":{"start":{"line":667,"column":4},"end":{"line":667,"column":53}},"311":{"start":{"line":672,"column":4},"end":{"line":672,"column":49}},"312":{"start":{"line":676,"column":4},"end":{"line":676,"column":26}},"313":{"start":{"line":677,"column":27},"end":{"line":677,"column":54}},"314":{"start":{"line":678,"column":31},"end":{"line":678,"column":55}},"315":{"start":{"line":679,"column":29},"end":{"line":679,"column":64}},"316":{"start":{"line":680,"column":29},"end":{"line":680,"column":68}},"317":{"start":{"line":682,"column":25},"end":{"line":682,"column":26}},"318":{"start":{"line":683,"column":24},"end":{"line":683,"column":25}},"319":{"start":{"line":684,"column":22},"end":{"line":684,"column":34}},"320":{"start":{"line":685,"column":51},"end":{"line":685,"column":60}},"321":{"start":{"line":686,"column":4},"end":{"line":756,"column":5}},"322":{"start":{"line":686,"column":17},"end":{"line":686,"column":18}},"323":{"start":{"line":687,"column":24},"end":{"line":687,"column":35}},"324":{"start":{"line":688,"column":42},"end":{"line":688,"column":44}},"325":{"start":{"line":689,"column":6},"end":{"line":753,"column":7}},"326":{"start":{"line":691,"column":19},"end":{"line":691,"column":44}},"327":{"start":{"line":693,"column":8},"end":{"line":707,"column":9}},"328":{"start":{"line":693,"column":21},"end":{"line":693,"column":23}},"329":{"start":{"line":694,"column":32},"end":{"line":694,"column":96}},"330":{"start":{"line":695,"column":10},"end":{"line":706,"column":13}},"331":{"start":{"line":709,"column":8},"end":{"line":709,"column":27}},"332":{"start":{"line":711,"column":33},"end":{"line":711,"column":48}},"333":{"start":{"line":712,"column":8},"end":{"line":727,"column":9}},"334":{"start":{"line":712,"column":21},"end":{"line":712,"column":22}},"335":{"start":{"line":713,"column":32},"end":{"line":713,"column":64}},"336":{"start":{"line":714,"column":10},"end":{"line":725,"column":13}},"337":{"start":{"line":726,"column":10},"end":{"line":726,"column":19}},"338":{"start":{"line":731,"column":8},"end":{"line":752,"column":9}},"339":{"start":{"line":731,"column":21},"end":{"line":731,"column":22}},"340":{"start":{"line":732,"column":10},"end":{"line":737,"column":11}},"341":{"start":{"line":734,"column":12},"end":{"line":734,"column":23}},"342":{"start":{"line":735,"column":12},"end":{"line":735,"column":31}},"343":{"start":{"line":736,"column":12},"end":{"line":736,"column":26}},"344":{"start":{"line":738,"column":32},"end":{"line":738,"column":175}},"345":{"start":{"line":739,"column":10},"end":{"line":750,"column":13}},"346":{"start":{"line":751,"column":10},"end":{"line":751,"column":19}},"347":{"start":{"line":754,"column":30},"end":{"line":754,"column":125}},"348":{"start":{"line":755,"column":6},"end":{"line":755,"column":39}},"349":{"start":{"line":758,"column":4},"end":{"line":758,"column":49}},"350":{"start":{"line":760,"column":4},"end":{"line":763,"column":5}},"351":{"start":{"line":762,"column":6},"end":{"line":762,"column":215}},"352":{"start":{"line":767,"column":23},"end":{"line":767,"column":28}},"353":{"start":{"line":768,"column":23},"end":{"line":768,"column":28}},"354":{"start":{"line":770,"column":99},"end":{"line":770,"column":108}},"355":{"start":{"line":772,"column":4},"end":{"line":780,"column":5}},"356":{"start":{"line":773,"column":30},"end":{"line":773,"column":165}},"357":{"start":{"line":774,"column":30},"end":{"line":774,"column":95}},"358":{"start":{"line":776,"column":6},"end":{"line":777,"column":69}},"359":{"start":{"line":778,"column":6},"end":{"line":779,"column":71}},"360":{"start":{"line":782,"column":4},"end":{"line":782,"column":60}},"361":{"start":{"line":783,"column":4},"end":{"line":783,"column":61}},"362":{"start":{"line":785,"column":4},"end":{"line":787,"column":5}},"363":{"start":{"line":786,"column":6},"end":{"line":786,"column":35}},"364":{"start":{"line":791,"column":23},"end":{"line":791,"column":28}},"365":{"start":{"line":792,"column":23},"end":{"line":792,"column":28}},"366":{"start":{"line":794,"column":99},"end":{"line":794,"column":108}},"367":{"start":{"line":796,"column":4},"end":{"line":804,"column":5}},"368":{"start":{"line":797,"column":30},"end":{"line":797,"column":63}},"369":{"start":{"line":798,"column":30},"end":{"line":798,"column":61}},"370":{"start":{"line":800,"column":6},"end":{"line":801,"column":69}},"371":{"start":{"line":802,"column":6},"end":{"line":803,"column":71}},"372":{"start":{"line":806,"column":4},"end":{"line":806,"column":49}},"373":{"start":{"line":807,"column":4},"end":{"line":807,"column":49}},"374":{"start":{"line":809,"column":4},"end":{"line":811,"column":5}},"375":{"start":{"line":810,"column":6},"end":{"line":810,"column":35}},"376":{"start":{"line":815,"column":23},"end":{"line":815,"column":28}},"377":{"start":{"line":816,"column":23},"end":{"line":816,"column":28}},"378":{"start":{"line":818,"column":99},"end":{"line":818,"column":108}},"379":{"start":{"line":820,"column":4},"end":{"line":828,"column":5}},"380":{"start":{"line":821,"column":30},"end":{"line":821,"column":64}},"381":{"start":{"line":822,"column":30},"end":{"line":822,"column":62}},"382":{"start":{"line":824,"column":6},"end":{"line":825,"column":6
[...]
63,"column":27},"end":{"line":263,"column":47}},{"start":{"line":263,"column":53},"end":{"line":263,"column":66}},{"start":{"line":263,"column":70},"end":{"line":263,"column":92}},{"start":{"line":263,"column":97},"end":{"line":263,"column":115}}]},"68":{"loc":{"start":{"line":276,"column":4},"end":{"line":278,"column":5}},"type":"if","locations":[{"start":{"line":276,"column":4},"end":{"line":278,"column":5}}]},"69":{"loc":{"start":{"line":280,"column":4},"end":{"line":282,"column":5}},"type":"if","locations":[{"start":{"line":280,"column":4},"end":{"line":282,"column":5}}]},"70":{"loc":{"start":{"line":284,"column":4},"end":{"line":286,"column":5}},"type":"if","locations":[{"start":{"line":284,"column":4},"end":{"line":286,"column":5}}]},"71":{"loc":{"start":{"line":288,"column":4},"end":{"line":290,"column":5}},"type":"if","locations":[{"start":{"line":288,"column":4},"end":{"line":290,"column":5}}]},"72":{"loc":{"start":{"line":301,"column":4},"end":{"line":303,"column":5}},"type":"if","locations":[{"start":{"line":301,"column":4},"end":{"line":303,"column":5}}]},"73":{"loc":{"start":{"line":305,"column":4},"end":{"line":307,"column":5}},"type":"if","locations":[{"start":{"line":305,"column":4},"end":{"line":307,"column":5}}]},"74":{"loc":{"start":{"line":309,"column":4},"end":{"line":311,"column":5}},"type":"if","locations":[{"start":{"line":309,"column":4},"end":{"line":311,"column":5}}]},"75":{"loc":{"start":{"line":313,"column":4},"end":{"line":315,"column":5}},"type":"if","locations":[{"start":{"line":313,"column":4},"end":{"line":315,"column":5}}]},"76":{"loc":{"start":{"line":317,"column":4},"end":{"line":319,"column":5}},"type":"if","locations":[{"start":{"line":317,"column":4},"end":{"line":319,"column":5}}]},"77":{"loc":{"start":{"line":317,"column":8},"end":{"line":317,"column":40}},"type":"binary-expr","locations":[{"start":{"line":317,"column":8},"end":{"line":317,"column":22}},{"start":{"line":317,"column":26},"end":{"line":317,"column":40}}]},"78":{"loc":{"start":{"line":325,"column":11},"end":{"line":325,"column":127}},"type":"binary-expr","locations":[{"start":{"line":325,"column":11},"end":{"line":325,"column":47}},{"start":{"line":325,"column":51},"end":{"line":325,"column":127}}]},"79":{"loc":{"start":{"line":329,"column":11},"end":{"line":329,"column":127}},"type":"binary-expr","locations":[{"start":{"line":329,"column":11},"end":{"line":329,"column":47}},{"start":{"line":329,"column":51},"end":{"line":329,"column":127}}]},"80":{"loc":{"start":{"line":334,"column":6},"end":{"line":336,"column":7}},"type":"if","locations":[{"start":{"line":334,"column":6},"end":{"line":336,"column":7}}]},"81":{"loc":{"start":{"line":343,"column":6},"end":{"line":345,"column":7}},"type":"if","locations":[{"start":{"line":343,"column":6},"end":{"line":345,"column":7}}]},"82":{"loc":{"start":{"line":352,"column":6},"end":{"line":355,"column":9}},"type":"if","locations":[{"start":{"line":352,"column":6},"end":{"line":355,"column":9}}]},"83":{"loc":{"start":{"line":352,"column":10},"end":{"line":353,"column":79}},"type":"binary-expr","locations":[{"start":{"line":352,"column":10},"end":{"line":352,"column":80}},{"start":{"line":353,"column":11},"end":{"line":353,"column":79}}]},"84":{"loc":{"start":{"line":365,"column":6},"end":{"line":368,"column":7}},"type":"if","locations":[{"start":{"line":365,"column":6},"end":{"line":368,"column":7}}]},"85":{"loc":{"start":{"line":365,"column":10},"end":{"line":366,"column":111}},"type":"binary-expr","locations":[{"start":{"line":365,"column":10},"end":{"line":365,"column":41}},{"start":{"line":365,"column":45},"end":{"line":365,"column":74}},{"start":{"line":366,"column":11},"end":{"line":366,"column":61}},{"start":{"line":366,"column":65},"end":{"line":366,"column":111}}]},"86":{"loc":{"start":{"line":376,"column":8},"end":{"line":378,"column":9}},"type":"if","locations":[{"start":{"line":376,"column":8},"end":{"line":378,"column":9}}]},"87":{"loc":{"start":{"line":376,"column":12},"end":{"line":376,"column":95}},"type":"binary-expr","locations":[{"start":{"line":376,"column":12},"end":{"line":376,"column":37}},{"start":{"line":376,"column":41},"end":{"line":376,"column":68}},{"start":{"line":376,"column":72},"end":{"line":376,"column":95}}]},"88":{"loc":{"start":{"line":395,"column":6},"end":{"line":397,"column":7}},"type":"if","locations":[{"start":{"line":395,"column":6},"end":{"line":397,"column":7}}]},"89":{"loc":{"start":{"line":399,"column":4},"end":{"line":404,"column":5}},"type":"if","locations":[{"start":{"line":399,"column":4},"end":{"line":404,"column":5}}]},"90":{"loc":{"start":{"line":399,"column":8},"end":{"line":399,"column":43}},"type":"binary-expr","locations":[{"start":{"line":399,"column":8},"end":{"line":399,"column":20}},{"start":{"line":399,"column":24},"end":{"line":399,"column":43}}]},"91":{"loc":{"start":{"line":401,"column":6},"end":{"line":403,"column":7}},"type":"if","locations":[{"start":{"line":401,"column":6},"end":{"line":403,"column":7}}]},"92":{"loc":{"start":{"line":401,"column":10},"end":{"line":401,"column":38}},"type":"binary-expr","locations":[{"start":{"line":401,"column":10},"end":{"line":401,"column":22}},{"start":{"line":401,"column":26},"end":{"line":401,"column":38}}]},"93":{"loc":{"start":{"line":409,"column":27},"end":{"line":409,"column":52}},"type":"cond-expr","locations":[{"start":{"line":409,"column":35},"end":{"line":409,"column":40}},{"start":{"line":409,"column":43},"end":{"line":409,"column":52}}]},"94":{"loc":{"start":{"line":409,"column":66},"end":{"line":409,"column":101}},"type":"cond-expr","locations":[{"start":{"line":409,"column":79},"end":{"line":409,"column":89}},{"start":{"line":409,"column":92},"end":{"line":409,"column":101}}]},"95":{"loc":{"start":{"line":416,"column":4},"end":{"line":418,"column":5}},"type":"if","locations":[{"start":{"line":416,"column":4},"end":{"line":418,"column":5}}]},"96":{"loc":{"start":{"line":416,"column":8},"end":{"line":416,"column":68}},"type":"binary-expr","locations":[{"start":{"line":416,"column":8},"end":{"line":416,"column":20}},{"start":{"line":416,"column":24},"end":{"line":416,"column":36}},{"start":{"line":416,"column":40},"end":{"line":416,"column":52}},{"start":{"line":416,"column":56},"end":{"line":416,"column":68}}]},"97":{"loc":{"start":{"line":420,"column":4},"end":{"line":422,"column":5}},"type":"if","locations":[{"start":{"line":420,"column":4},"end":{"line":422,"column":5}}]},"98":{"loc":{"start":{"line":429,"column":29},"end":{"line":429,"column":67}},"type":"cond-expr","locations":[{"start":{"line":429,"column":48},"end":{"line":429,"column":50}},{"start":{"line":429,"column":53},"end":{"line":429,"column":67}}]},"99":{"loc":{"start":{"line":433,"column":128},"end":{"line":433,"column":155}},"type":"default-arg","locations":[{"start":{"line":433,"column":146},"end":{"line":433,"column":155}}]},"100":{"loc":{"start":{"line":437,"column":4},"end":{"line":455,"column":5}},"type":"if","locations":[{"start":{"line":437,"column":4},"end":{"line":455,"column":5}},{"start":{"line":445,"column":9},"end":{"line":455,"column":5}}]},"101":{"loc":{"start":{"line":441,"column":19},"end":{"line":441,"column":92}},"type":"cond-expr","locations":[{"start":{"line":441,"column":36},"end":{"line":441,"column":43}},{"start":{"line":441,"column":46},"end":{"line":441,"column":92}}]},"102":{"loc":{"start":{"line":467,"column":4},"end":{"line":475,"column":5}},"type":"if","locations":[{"start":{"line":467,"column":4},"end":{"line":475,"column":5}},{"start":{"line":470,"column":9},"end":{"line":475,"column":5}}]},"103":{"loc":{"start":{"line":470,"column":9},"end":{"line":475,"column":5}},"type":"if","locations":[{"start":{"line":470,"column":9},"end":{"line":475,"column":5}},{"start":{"line":473,"column":9},"end":{"line":475,"column":5}}]},"104":{"loc":{"start":{"line":477,"column":4},"end":{"line":482,"column":5}},"type":"if","locations":[{"start":{"line":477,"column":4},"end":{"line":482,"column":5}},{"start":{"line":480,"column":9},"end":{"line":482,"column":5}}]},"105":{"loc":{"start":{"line":487,"column":11},"end":{"line":487,"column":82}},"type":"cond-expr","locations":[{"start":{"line":487,"column":28},"end":{"line":487,"column":54}},{"start":{"line":487,"column":57},"end":{"line":487,"column":82}}]},"106":{"loc":{"start":{"line":491,"column":11},"end":{"line":491,"column":50}},"type":"cond-expr","locations":[{"start":{"line":491,"column":22},"end":{"line":491,"column":36}},{"start":{"line":491,"column":39},"end":{"line":491,"column":50}}]},"107":{"loc":{"start":{"line":495,"column":11},"end":{"line":495,"column":64}},"type":"binary-expr","locations":[{"start":{"line":495,"column":11},"end":{"line":495,"column":26}},{"start":{"line":495,"column":30},"end":{"line":495,"column":46}},{"start":{"line":495,"column":50},"end":{"line":495,"column":64}}]},"108":{"loc":{"start":{"line":512,"column":11},"end":{"line":512,"column":121}},"type":"binary-expr","locations":[{"start":{"line":512,"column":11},"end":{"line":512,"column":65}},{"start":{"line":512,"column":69},"end":{"line":512,"column":121}}]},"109":{"loc":{"start":{"line":516,"column":4},"end":{"line":518,"column":5}},"type":"if","locations":[{"start":{"line":516,"column":4},"end":{"line":518,"column":5}}]},"110":{"loc":{"start":{"line":516,"column":8},"end":{"line":516,"column":90}},"type":"binary-expr","locations":[{"start":{"line":516,"column":8},"end":{"line":516,"column":48}},{"start":{"line":516,"column":52},"end":{"line":516,"column":90}}]},"111":{"loc":{"start":{"line":519,"column":11},"end":{"line":519,"column":107}},"type":"binary-expr","locations":[{"start":{"line":519,"column":11},"end":{"line":519,"column":58}},{"start":{"line":519,"column":62},"end":{"line":519,"column":107}}]},"112":{"loc":{"start":{"line":571,"column":4},"end":{"line":573,"column":5}},"type":"if","locations":[{"start":{"line":571,"column":4},"end":{"line":573,"column":5}}]},"113":{"loc":{"start":{"line":575,"column":4},"end":{"line":581,"column":5}},"type":"if","locations":[{"start":{"line":575,"column":4},"end":{"line":581,"column":5}},{"start":{"line":578,"column":9},"end":{"line":581,"column":5}}]},"114":{"loc":{"start":{"line":585,"column":21},"end":{"line":585,"column":62}},"type":"binary-expr","locations":[{"start":{"line":585,"column":21},"end":{"line":585,"column":30}},{"start":{"line":585,"column":34},"end":{"line":585,"column":47}},{"start":{"line":585,"column":51},"end":{"line":585,"column":62}}]},"115":{"loc":{"start":{"line":587,"column":4},"end":{"line":616,"column":5}},"type":"if","locations":[{"start":{"line":587,"column":4},"end":{"line":616,"column":5}},{"start":{"line":590,"column":9},"end":{"line":616,"column":5}}]},"116":{"loc":{"start":{"line":587,"column":8},"end":{"line":587,"column":70}},"type":"binary-expr","locations":[{"start":{"line":587,"column":8},"end":{"line":587,"column":45}},{"start":{"line":587,"column":49},"end":{"line":587,"column":70}}]},"117":{"loc":{"start":{"line":590,"column":9},"end":{"line":616,"column":5}},"type":"if","locations":[{"start":{"line":590,"column":9},"end":{"line":616,"column":5}},{"start":{"line":593,"column":9},"end":{"line":616,"column":5}}]},"118":{"loc":{"start":{"line":590,"column":13},"end":{"line":590,"column":71}},"type":"binary-expr","locations":[{"start":{"line":590,"column":13},"end":{"line":590,"column":48}},{"start":{"line":590,"column":52},"end":{"line":590,"column":71}}]},"119":{"loc":{"start":{"line":593,"column":9},"end":{"line":616,"column":5}},"type":"if","locations":[{"start":{"line":593,"column":9},"end":{"line":616,"column":5}},{"start":{"line":596,"column":9},"end":{"line":616,"column":5}}]},"120":{"loc":{"start":{"line":593,"column":13},"end":{"line":593,"column":75}},"type":"binary-expr","locations":[{"start":{"line":593,"column":13},"end":{"line":593,"column":50}},{"start":{"line":593,"column":54},"end":{"line":593,"column":75}}]},"121":{"loc":{"start":{"line":596,"column":9},"end":{"line":616,"column":5}},"type":"if","locations":[{"start":{"line":596,"column":9},"end":{"line":616,"column":5}},{"start":{"line":599,"column":9},"end":{"line":616,"column":5}}]},"122":{"loc":{"start":{"line":596,"column":13},"end":{"line":596,"column":83}},"type":"binary-expr","locations":[{"start":{"line":596,"column":13},"end":{"line":596,"column":54}},{"start":{"line":596,"column":58},"end":{"line":596,"column":83}}]},"123":{"loc":{"start":{"line":599,"column":9},"end":{"line":616,"column":5}},"type":"if","locations":[{"start":{"line":599,"column":9},"end":{"line":616,"column":5}},{"start":{"line":602,"column":9},"end":{"line":616,"column":5}}]},"124":{"loc":{"start":{"line":599,"column":13},"end":{"line":599,"column":79}},"type":"binary-expr","locations":[{"start":{"line":599,"column":13},"end":{"line":599,"column":52}},{"start":{"line":599,"column":56},"end":{"line":599,"column":79}}]},"125":{"loc":{"start":{"line":602,"column":9},"end":{"line":616,"column":5}},"type":"if","locations":[{"start":{"line":602,"column":9},"end":{"line":616,"column":5}},{"start":{"line":605,"column":9},"end":{"line":616,"column":5}}]},"126":{"loc":{"start":{"line":602,"column":13},"end":{"line":602,"column":85}},"type":"binary-expr","locations":[{"start":{"line":602,"column":13},"end":{"line":602,"column":55}},{"start":{"line":602,"column":59},"end":{"line":602,"column":85}}]},"127":{"loc":{"start":{"line":605,"column":9},"end":{"line":616,"column":5}},"type":"if","locations":[{"start":{"line":605,"column":9},"end":{"line":616,"column":5}},{"start":{"line":608,"column":9},"end":{"line":616,"column":5}}]},"128":{"loc":{"start":{"line":605,"column":13},"end":{"line":605,"column":83}},"type":"binary-expr","locations":[{"start":{"line":605,"column":13},"end":{"line":605,"column":54}},{"start":{"line":605,"column":58},"end":{"line":605,"column":83}}]},"129":{"loc":{"start":{"line":608,"column":9},"end":{"line":616,"column":5}},"type":"if","locations":[{"start":{"line":608,"column":9},"end":{"line":616,"column":5}},{"start":{"line":611,"column":9},"end":{"line":616,"column":5}}]},"130":{"loc":{"start":{"line":608,"column":13},"end":{"line":608,"column":71}},"type":"binary-expr","locations":[{"start":{"line":608,"column":13},"end":{"line":608,"column":48}},{"start":{"line":608,"column":52},"end":{"line":608,"column":71}}]},"131":{"loc":{"start":{"line":611,"column":9},"end":{"line":616,"column":5}},"type":"if","locations":[{"start":{"line":611,"column":9},"end":{"line":616,"column":5}},{"start":{"line":614,"column":9},"end":{"line":616,"column":5}}]},"132":{"loc":{"start":{"line":611,"column":13},"end":{"line":611,"column":75}},"type":"binary-expr","locations":[{"start":{"line":611,"column":13},"end":{"line":611,"column":50}},{"start":{"line":611,"column":54},"end":{"line":611,"column":75}}]},"133":{"loc":{"start":{"line":625,"column":4},"end":{"line":627,"column":5}},"type":"if","locations":[{"start":{"line":625,"column":4},"end":{"line":627,"column":5}}]},"134":{"loc":{"start":{"line":630,"column":8},"end":{"line":632,"column":9}},"type":"if","locations":[{"start":{"line":630,"column":8},"end":{"line":632,"column":9}}]},"135":{"loc":{"start":{"line":630,"column":12},"end":{"line":630,"column":95}},"type":"binary-expr","locations":[{"start":{"line":630,"column":12},"end":{"line":630,"column":37}},{"start":{"line":630,"column":41},"end":{"line":630,"column":68}},{"start":{"line":630,"column":72},"end":{"line":630,"column":95}}]}},"s":{"0":1,"1":278,"2":111,"3":111,"4":111,"5":111,"6":111,"7":111,"8":84,"9":27,"10":27,"11":27,"12":27,"13":27,"14":81,"15":81,"16":27,"17":54,"18":27,"19":27,"20":27,"21":27,"22":27,"23":27,"24":27,"25":27,"26":27,"27":0,"28":27,"29":0,"30":27,"31":0,"32":27,"33":25,"34":0,"35":25,"36":25,"37":0,"38":25,"39":3,"40":25,"41":0,"42":25,"43":2,"44":11,"45":11,"46":7,"47":7,"48":7,"49":7,"50":7,"51":6,"52":7,"53":7,"54":7,"55":6,"56":7,"57":7,"58":7,"59":11,"60":27,"61":27,"62":27,"63":54,"64":27,"65":27,"66":27,"67":27,"68":27,"69":27,"70":27,"71":81,"72":27,"73":81,"74":27,"75":81,"76":27,"77":27,"78":6,"79":5,"80":5,"81":10,"82":5,"83":1,"84":75,"85":5,"86":70,"87":70,"88":0,"89":70,"90":0,"91":70,"92":81,"93":81,"94":81,"95":81,"96":81,"97":81,"98":7229,"99":7229,"100":2,"101":7227,"102":5,"103":7222,"104":7222,"105":84,"106":7222,"107":7222,"108":2,"109":0,"110":0,"111":0,"112":7220,"113":123,"114":7097,"115":98,"116":6999,"117":42,"118":42,"119":12,"120":6987,"121":6987,"122":42,"123":42,"124":6,"125":6981,"126":6,"127":6975,"128":7229,"129":20721,"130":372,"131":9,"132":20712,"133":192,"134":192,"135":192,"136":192,"137":0,"138":192,"139":0,"140":192,"141":0,"142":192,"143":0,"144":192,"145":300,"146":300,"147":300,"148":300,"149":0,"150":300,"151":0,"152":300,"153":0,"154":300,"155":0,"156":300,"157":0,"158":300,"159":7908,"160":7785,"161":2,"162":2,"163":0,"164":2,"165":1,"166":0,"167":0,"168":1,"169":492,"170":0,"171":0,"172":492,"173":7473,"174":7473,"175":7473,"176":81,"177":6,"178":7467,"179":7224,"180":0,"181":0,"182":0,"183":7224,"184":7224,"185":7224,"186":42,"187":2,"188":7222,"189":42,"190":42,"191":12,"192":7210,"193":7224,"194":7224,"195":7224,"196":7224,"197":996,"198":6228,"199":3,"200":6225,"201":18,"202":18,"203":18,"204":27,"205":27,"206":27,"207":21,"208":6,"209":27,"210":48,"211":48,"212":5,"213":43,"214":29,"215":14,"216":48,"217":34,"218":14,"219":48,"220":39,"221":63,"222":39642,"223":2,"224":1443,"225":19740,"226":2310,"227":2310,"228":22050,"229":21210,"230":840,"231":148,"232":65334,"233":324,"234":324,"235":14295,"236":42,"237":38,"238":3,"239":65372,"240":65372,"241":704,"242":172,"243":172,"244":172,"245":584,"246":108,"247":91,"248":17,"249":11,"250":6,"251":6,"252":13,"253":13,"254":3,"255":10,"256":1,"257":9,"258":0,"259":9,"260":0,"261":9,"262":0,"263":9,"264":6,"265":3,"266":0,"267":3,"268":1,"269":2,"270":0,"271":2,"272":67,"273":67,"274":7224,"275":7224,"276":0,"277":0,"278":0,"279":0,"280":0,"281":1},"f":{"0":278,"1":111,"2":11,"3":27,"4":6,"5":75,"6":81,"7":7229,"8":84,"9":7229,"10":20721,"11":192,"12":300,"13":7908,"14":7785,"15":2,"16":1,"17":492,"18":7473,"19":7224,"20":7224,"21":7224,"22":7224,"23":18,"24":27,"25":48,"26":39,"27":63,"28":39642,"29":2,"30":1443,"31":19740,"32":2310,"33":22050,"34":148,"35":65334,"36":324,"37":14295,"38":42,"39":38,"40":3,"41":65372,"42":704,"43":172,"44":584,"45":108,"46":13,"47":67,"48":7224},"b":{"0":[84],"1":[111,27],"2":[27,54],"3":[27,27],"4":[6,21],"5":[27],"6":[0,27],"7":[27,0],"8":[0,27],"9":[27,0],"10":[0,27],"11":[27,0],"12":[0],"13":[27,0,0],"14":[0],"15":[27,0,0],"16":[0],"17":[27,0,0],"18":[25],"19":[27,25,25],"20":[0],"21":[25,25,25,25],"22":[0],"23":[25,5],"24":[3],"25":[25,25,25],"26":[0],"27":[25,25],"28":[7],"29":[11,7],"30":[7],"31":[7,7],"32":[6],"33":[7],"34":[6],"35":[7],"36":[7,7],"37":[27],"38":[27],"39":[27],"40":[27],"41":[27],"42":[5],"43":[5],"44":[5],"45":[0,70],"46":[70,26,17,70,26,9],"47":[0],"48":[70,19],"49":[81],"50":[0,81],"51":[0,81],"52":[2],"53":[5],"54":[7227,0,7227,5],"55":[7222,0],"56":[2],"57":[0],"58":[123],"59":[98],"60":[42],"61":[12],"62":[42,36],"63":[42],"64":[6],"65":[6],"66":[9],"67":[372,372,333,333,273],"68":[0],"69":[0],"70":[0],"71":[0],"72":[0],"73":[0],"74":[0],"75":[0],"76":[0],"77":[300,300],"78":[7908,297],"79":[7785,170],"80":[0],"81":[0],"82":[0],"83":[0,0],"84":[6],"85":[81,81,81,69],"86":[0],"87":[0,0,0],"88":[2],"89":[42],"90":[7222,7222],"91":[12],"92":[42,36],"93":[14,7210],"94":[0,7224],"95":[996],"96":[7224,6930,6234,42],"97":[3],"98":[0,18],"99":[27],"100":[21,6],"101":[0,21],"102":[5,43],"103":[29,14],"104":[34,14],"105":[34,5],"106":[33,30],"107":[39642,3107,3107],"108":[2310,2272],"109":[21210],"110":[22050,1596],"111":[840,512],"112":[91],"113":[11,6],"114":[13,0,0],"115":[3,10],"116":[13,10],"117":[1,9],"118":[10,9],"119":[0,9],"120":[9,9],"121":[0,9],"122":[9,9],"123":[0,9],"124":[9,9],"125":[6,3],"126":[9,3],"127":[0,3],"128":[3,3],"129":[1,2],"130":[3,2],"131":[0,2],"132":[2,2],"133":[7224],"134":[0],"135":[0,0,0]}}
}
