TN:
SF:projects\angular-mydatepicker\src\test.ts
FNF:0
FNH:0
DA:12,1
LF:1
LH:1
BRF:0
BRH:0
end_of_record
TN:
SF:projects\angular-mydatepicker\src\lib\angular-mydatepicker.input.ts
FN:29,(anonymous_0)
FN:35,(anonymous_1)
FN:68,(anonymous_2)
FN:65,(anonymous_3)
FN:66,(anonymous_4)
FN:172,(anonymous_5)
FN:499,(anonymous_6)
FN:80,(anonymous_7)
FN:119,(anonymous_8)
FN:174,(anonymous_9)
FN:182,(anonymous_10)
FN:210,(anonymous_11)
FN:214,(anonymous_12)
FN:216,(anonymous_13)
FN:221,(anonymous_14)
FN:223,(anonymous_15)
FN:247,(anonymous_16)
FN:311,(anonymous_17)
FN:315,(anonymous_18)
FN:319,(anonymous_19)
FN:328,(anonymous_20)
FN:353,(anonymous_21)
FN:368,(anonymous_22)
FN:377,(anonymous_23)
FN:380,(anonymous_24)
FN:383,(anonymous_25)
FN:386,(anonymous_26)
FN:396,(anonymous_27)
FN:401,(anonymous_28)
FN:405,(anonymous_29)
FN:421,(anonymous_30)
FN:460,(anonymous_31)
FN:489,(anonymous_32)
FN:495,(anonymous_33)
FN:501,(anonymous_34)
FN:509,(anonymous_35)
FN:530,(anonymous_36)
FN:537,(anonymous_37)
FN:543,(anonymous_38)
FN:551,(anonymous_39)
FN:556,(anonymous_40)
FN:559,(anonymous_41)
FN:565,(anonymous_42)
FN:570,(anonymous_43)
FN:575,(anonymous_44)
FN:579,(anonymous_45)
FN:583,(anonymous_46)
FN:587,(anonymous_47)
FN:591,(anonymous_48)
FN:595,(anonymous_49)
FN:601,(anonymous_50)
FN:627,(anonymous_51)
FNF:52
FNH:43
FNDA:0,(anonymous_0)
FNDA:0,(anonymous_1)
FNDA:68,(anonymous_2)
FNDA:27,(anonymous_3)
FNDA:29,(anonymous_4)
FNDA:1,(anonymous_5)
FNDA:0,(anonymous_6)
FNDA:4,(anonymous_7)
FNDA:4,(anonymous_8)
FNDA:1,(anonymous_9)
FNDA:68,(anonymous_10)
FNDA:68,(anonymous_11)
FNDA:1,(anonymous_12)
FNDA:5,(anonymous_13)
FNDA:216,(anonymous_14)
FNDA:3600,(anonymous_15)
FNDA:8,(anonymous_16)
FNDA:0,(anonymous_17)
FNDA:0,(anonymous_18)
FNDA:0,(anonymous_19)
FNDA:0,(anonymous_20)
FNDA:94,(anonymous_21)
FNDA:18,(anonymous_22)
FNDA:170,(anonymous_23)
FNDA:5,(anonymous_24)
FNDA:117,(anonymous_25)
FNDA:0,(anonymous_26)
FNDA:88,(anonymous_27)
FNDA:150,(anonymous_28)
FNDA:2,(anonymous_29)
FNDA:4,(anonymous_30)
FNDA:2,(anonymous_31)
FNDA:4,(anonymous_32)
FNDA:4,(anonymous_33)
FNDA:0,(anonymous_34)
FNDA:176,(anonymous_35)
FNDA:89,(anonymous_36)
FNDA:21,(anonymous_37)
FNDA:33,(anonymous_38)
FNDA:103,(anonymous_39)
FNDA:18,(anonymous_40)
FNDA:18,(anonymous_41)
FNDA:25,(anonymous_42)
FNDA:31,(anonymous_43)
FNDA:29,(anonymous_44)
FNDA:170,(anonymous_45)
FNDA:5,(anonymous_46)
FNDA:117,(anonymous_47)
FNDA:180,(anonymous_48)
FNDA:91,(anonymous_49)
FNDA:91,(anonymous_50)
FNDA:2,(anonymous_51)
DA:27,1
DA:29,0
DA:33,1
DA:35,0
DA:45,1
DA:48,68
DA:50,68
DA:51,68
DA:52,68
DA:53,68
DA:54,68
DA:55,68
DA:57,68
DA:58,68
DA:59,68
DA:60,68
DA:61,68
DA:65,68
DA:66,68
DA:68,68
DA:69,68
DA:70,68
DA:71,68
DA:72,68
DA:73,68
DA:74,68
DA:75,68
DA:76,68
DA:77,68
DA:81,4
DA:82,4
DA:83,1
DA:86,3
DA:87,1
DA:90,2
DA:91,2
DA:93,2
DA:94,2
DA:95,2
DA:96,2
DA:97,1
DA:98,1
DA:99,1
DA:100,1
DA:101,0
DA:105,1
DA:106,1
DA:107,1
DA:108,1
DA:109,1
DA:110,0
DA:114,2
DA:115,2
DA:120,4
DA:122,4
DA:123,4
DA:125,4
DA:126,4
DA:127,4
DA:128,3
DA:129,3
DA:130,3
DA:131,3
DA:133,2
DA:134,2
DA:135,2
DA:136,2
DA:137,2
DA:142,1
DA:143,1
DA:144,1
DA:145,1
DA:146,1
DA:148,1
DA:149,1
DA:150,1
DA:151,1
DA:152,1
DA:157,4
DA:158,1
DA:159,1
DA:162,0
DA:166,4
DA:169,4
DA:172,68
DA:175,1
DA:178,0
DA:183,68
DA:184,0
DA:187,68
DA:188,0
DA:189,0
DA:190,0
DA:191,0
DA:195,0
DA:198,0
DA:201,68
DA:202,68
DA:205,68
DA:206,0
DA:211,68
DA:215,1
DA:216,1
DA:217,5
DA:222,216
DA:223,216
DA:224,3600
DA:228,216
DA:230,216
DA:231,0
DA:234,216
DA:235,0
DA:238,216
DA:239,2
DA:242,216
DA:243,1
DA:248,8
DA:249,0
DA:252,8
DA:253,8
DA:255,8
DA:256,2
DA:257,2
DA:259,2
DA:260,2
DA:263,6
DA:265,3
DA:266,3
DA:267,1
DA:270,3
DA:272,3
DA:273,3
DA:274,3
DA:275,3
DA:276,3
DA:277,3
DA:279,3
DA:280,2
DA:284,3
DA:286,3
DA:287,3
DA:288,1
DA:289,1
DA:292,3
DA:294,3
DA:295,3
DA:296,3
DA:297,3
DA:298,3
DA:299,3
DA:301,3
DA:302,3
DA:304,3
DA:305,2
DA:312,0
DA:316,0
DA:320,0
DA:321,0
DA:323,0
DA:324,0
DA:329,0
DA:331,0
DA:332,0
DA:335,0
DA:336,0
DA:337,0
DA:338,0
DA:339,0
DA:340,0
DA:344,0
DA:345,0
DA:346,0
DA:347,0
DA:350,0
DA:354,94
DA:355,0
DA:357,94
DA:358,94
DA:359,94
DA:360,91
DA:361,91
DA:362,91
DA:369,18
DA:370,18
DA:371,18
DA:372,18
DA:373,18
DA:374,17
DA:378,170
DA:381,5
DA:384,117
DA:387,0
DA:390,91
DA:392,91
DA:393,90
DA:396,94
DA:397,88
DA:402,150
DA:406,2
DA:407,0
DA:410,2
DA:412,2
DA:413,1
DA:416,1
DA:418,2
DA:422,4
DA:423,0
DA:426,4
DA:428,4
DA:429,4
DA:448,4
DA:449,4
DA:451,4
DA:452,0
DA:455,4
DA:456,4
DA:461,2
DA:463,2
DA:464,1
DA:467,1
DA:468,1
DA:469,1
DA:470,1
DA:471,1
DA:472,1
DA:473,1
DA:477,0
DA:478,0
DA:479,0
DA:480,0
DA:481,0
DA:485,0
DA:486,0
DA:490,4
DA:491,4
DA:496,4
DA:499,68
DA:502,0
DA:503,0
DA:504,0
DA:505,0
DA:510,176
DA:512,176
DA:513,91
DA:514,2
DA:515,2
DA:516,2
DA:519,2
DA:522,89
DA:523,89
DA:526,91
DA:531,89
DA:532,89
DA:533,89
DA:538,21
DA:539,21
DA:540,21
DA:544,33
DA:545,33
DA:546,33
DA:547,33
DA:548,33
DA:552,103
DA:553,103
DA:557,18
DA:558,18
DA:559,18
DA:560,18
DA:566,25
DA:567,25
DA:571,31
DA:572,31
DA:576,29
DA:580,170
DA:584,5
DA:588,117
DA:592,180
DA:596,91
DA:597,2
DA:602,91
DA:603,91
DA:605,91
DA:607,91
DA:608,2
DA:609,2
DA:610,2
DA:611,2
DA:614,91
DA:615,1
DA:618,90
DA:621,91
DA:622,1
DA:624,91
DA:628,2
LF:294
LH:241
BRDA:82,0,0,1
BRDA:86,1,0,1
BRDA:86,1,1,2
BRDA:96,2,0,1
BRDA:96,2,1,1
BRDA:100,3,0,0
BRDA:108,4,0,1
BRDA:108,4,1,0
BRDA:109,5,0,0
BRDA:122,6,0,4
BRDA:127,7,0,3
BRDA:127,7,1,1
BRDA:131,8,0,2
BRDA:131,9,0,3
BRDA:131,9,1,2
BRDA:136,10,0,2
BRDA:145,11,0,1
BRDA:145,11,1,1
BRDA:146,12,0,1
BRDA:146,13,0,1
BRDA:146,13,1,1
BRDA:151,14,0,1
BRDA:157,15,0,1
BRDA:157,16,0,4
BRDA:157,16,1,1
BRDA:158,17,0,1
BRDA:158,17,1,0
BRDA:175,18,0,0
BRDA:175,19,0,1
BRDA:175,19,1,1
BRDA:175,19,2,0
BRDA:175,19,3,0
BRDA:175,19,4,0
BRDA:175,19,5,0
BRDA:175,19,6,0
BRDA:183,20,0,0
BRDA:187,21,0,0
BRDA:189,22,0,0
BRDA:189,22,1,0
BRDA:190,23,0,0
BRDA:201,24,0,68
BRDA:205,25,0,0
BRDA:222,26,0,216
BRDA:230,27,0,0
BRDA:234,28,0,0
BRDA:238,29,0,2
BRDA:238,30,0,216
BRDA:238,30,1,215
BRDA:242,31,0,1
BRDA:248,32,0,0
BRDA:255,33,0,2
BRDA:255,33,1,6
BRDA:259,34,0,2
BRDA:263,35,0,3
BRDA:263,35,1,3
BRDA:263,36,0,6
BRDA:263,36,1,3
BRDA:266,37,0,1
BRDA:274,38,0,3
BRDA:279,39,0,2
BRDA:284,40,0,3
BRDA:284,41,0,3
BRDA:284,41,1,3
BRDA:287,42,0,1
BRDA:287,43,0,3
BRDA:287,43,1,2
BRDA:296,44,0,3
BRDA:296,44,1,3
BRDA:297,45,0,3
BRDA:304,46,0,2
BRDA:323,47,0,0
BRDA:331,48,0,0
BRDA:331,49,0,0
BRDA:331,49,1,0
BRDA:336,50,0,0
BRDA:336,50,1,0
BRDA:339,51,0,0
BRDA:346,52,0,0
BRDA:346,53,0,0
BRDA:346,53,1,0
BRDA:354,54,0,0
BRDA:359,55,0,91
BRDA:373,56,0,17
BRDA:392,57,0,90
BRDA:406,58,0,0
BRDA:412,59,0,1
BRDA:412,59,1,1
BRDA:422,60,0,0
BRDA:451,61,0,0
BRDA:455,62,0,4
BRDA:463,63,0,1
BRDA:463,64,0,2
BRDA:463,64,1,2
BRDA:468,65,0,1
BRDA:468,65,1,0
BRDA:471,66,0,1
BRDA:479,67,0,0
BRDA:479,68,0,0
BRDA:479,68,1,0
BRDA:490,69,0,4
BRDA:496,70,0,4
BRDA:496,70,1,4
BRDA:496,70,2,4
BRDA:496,70,3,4
BRDA:496,70,4,4
BRDA:496,70,5,3
BRDA:502,71,0,0
BRDA:512,72,0,91
BRDA:512,73,0,176
BRDA:512,73,1,92
BRDA:513,74,0,2
BRDA:513,74,1,89
BRDA:531,75,0,89
BRDA:546,76,0,33
BRDA:546,76,1,0
BRDA:547,77,0,0
BRDA:547,77,1,33
BRDA:547,78,0,33
BRDA:547,78,1,0
BRDA:553,79,0,103
BRDA:553,79,1,0
BRDA:558,80,0,18
BRDA:558,81,0,18
BRDA:558,81,1,18
BRDA:572,82,0,7
BRDA:572,82,1,24
BRDA:596,83,0,2
BRDA:607,84,0,2
BRDA:614,85,0,1
BRDA:614,85,1,90
BRDA:618,86,0,88
BRDA:618,86,1,2
BRDA:621,87,0,1
BRF:133
BRH:91
end_of_record
TN:
SF:projects\angular-mydatepicker\src\lib\angular-mydatepicker.module.ts
FNF:0
FNH:0
DA:41,1
LF:1
LH:1
BRF:0
BRH:0
end_of_record
TN:
SF:projects\angular-mydatepicker\src\lib\components\calendar\calendar.component.ts
FN:72,(anonymous_0)
FN:73,(anonymous_1)
FN:80,(anonymous_2)
FN:98,(anonymous_3)
FN:102,(anonymous_4)
FN:129,(anonymous_5)
FN:169,(anonymous_6)
FN:179,(anonymous_7)
FN:204,(anonymous_8)
FN:213,(anonymous_9)
FN:228,(anonymous_10)
FN:238,(anonymous_11)
FN:247,(anonymous_12)
FN:252,(anonymous_13)
FN:257,(anonymous_14)
FN:272,(anonymous_15)
FN:284,(anonymous_16)
FN:294,(anonymous_17)
FN:299,(anonymous_18)
FN:314,(anonymous_19)
FN:326,(anonymous_20)
FN:336,(anonymous_21)
FN:367,(anonymous_22)
FN:411,(anonymous_23)
FN:416,(anonymous_24)
FN:425,(anonymous_25)
FN:434,(anonymous_26)
FN:438,(anonymous_27)
FN:451,(anonymous_28)
FN:464,(anonymous_29)
FN:479,(anonymous_30)
FN:486,(anonymous_31)
FN:492,(anonymous_32)
FN:501,(anonymous_33)
FN:513,(anonymous_34)
FN:540,(anonymous_35)
FN:552,(anonymous_36)
FN:556,(anonymous_37)
FN:566,(anonymous_38)
FN:570,(anonymous_39)
FN:574,(anonymous_40)
FN:643,(anonymous_41)
FN:653,(anonymous_42)
FN:658,(anonymous_43)
FN:665,(anonymous_44)
FN:670,(anonymous_45)
FN:675,(anonymous_46)
FN:766,(anonymous_47)
FN:790,(anonymous_48)
FN:814,(anonymous_49)
FN:837,(anonymous_50)
FNF:51
FNH:45
FNDA:91,(anonymous_0)
FNDA:0,(anonymous_1)
FNDA:91,(anonymous_2)
FNDA:91,(anonymous_3)
FNDA:91,(anonymous_4)
FNDA:95,(anonymous_5)
FNDA:4,(anonymous_6)
FNDA:4,(anonymous_7)
FNDA:95,(anonymous_8)
FNDA:3,(anonymous_9)
FNDA:2,(anonymous_10)
FNDA:0,(anonymous_11)
FNDA:20,(anonymous_12)
FNDA:12,(anonymous_13)
FNDA:13,(anonymous_14)
FNDA:3,(anonymous_15)
FNDA:1,(anonymous_16)
FNDA:9,(anonymous_17)
FNDA:10,(anonymous_18)
FNDA:2,(anonymous_19)
FNDA:1,(anonymous_20)
FNDA:16,(anonymous_21)
FNDA:12,(anonymous_22)
FNDA:1,(anonymous_23)
FNDA:14,(anonymous_24)
FNDA:95,(anonymous_25)
FNDA:117,(anonymous_26)
FNDA:32,(anonymous_27)
FNDA:45,(anonymous_28)
FNDA:72,(anonymous_29)
FNDA:0,(anonymous_30)
FNDA:20,(anonymous_31)
FNDA:1,(anonymous_32)
FNDA:3,(anonymous_33)
FNDA:3,(anonymous_34)
FNDA:3,(anonymous_35)
FNDA:0,(anonymous_36)
FNDA:0,(anonymous_37)
FNDA:95,(anonymous_38)
FNDA:0,(anonymous_39)
FNDA:21,(anonymous_40)
FNDA:172,(anonymous_41)
FNDA:7224,(anonymous_42)
FNDA:340,(anonymous_43)
FNDA:340,(anonymous_44)
FNDA:172,(anonymous_45)
FNDA:172,(anonymous_46)
FNDA:172,(anonymous_47)
FNDA:16,(anonymous_48)
FNDA:12,(anonymous_49)
FNDA:9,(anonymous_50)
DA:35,1
DA:39,91
DA:42,91
DA:43,91
DA:44,91
DA:45,91
DA:46,91
DA:47,91
DA:48,91
DA:49,91
DA:50,91
DA:51,91
DA:52,91
DA:54,91
DA:55,91
DA:57,91
DA:65,91
DA:67,91
DA:68,91
DA:72,91
DA:73,91
DA:74,0
DA:75,0
DA:81,91
DA:83,91
DA:84,1
DA:85,1
DA:86,1
DA:89,91
DA:90,1
DA:93,91
DA:94,90
DA:99,91
DA:103,91
DA:104,91
DA:106,91
DA:107,91
DA:108,91
DA:109,91
DA:110,91
DA:112,91
DA:114,91
DA:115,91
DA:116,91
DA:117,91
DA:118,91
DA:119,637
DA:120,637
DA:124,91
DA:125,91
DA:126,91
DA:130,95
DA:133,95
DA:134,95
DA:137,95
DA:138,95
DA:139,81
DA:142,95
DA:143,95
DA:145,89
DA:146,89
DA:148,89
DA:149,5
DA:150,5
DA:151,5
DA:157,6
DA:158,6
DA:160,6
DA:161,3
DA:162,3
DA:163,3
DA:170,4
DA:172,4
DA:174,4
DA:175,4
DA:176,4
DA:180,4
DA:182,4
DA:183,1
DA:184,1
DA:187,3
DA:188,1
DA:189,1
DA:192,2
DA:193,1
DA:194,1
DA:197,1
DA:198,1
DA:199,1
DA:205,95
DA:206,1
DA:208,94
DA:209,1
DA:214,3
DA:215,3
DA:217,3
DA:218,3
DA:219,1
DA:222,2
DA:223,2
DA:224,2
DA:229,2
DA:230,1
DA:233,1
DA:234,1
DA:239,0
DA:240,0
DA:242,0
DA:243,0
DA:244,0
DA:248,20
DA:249,20
DA:253,12
DA:254,12
DA:258,13
DA:259,13
DA:261,13
DA:262,13
DA:263,13
DA:266,0
DA:267,0
DA:268,0
DA:273,3
DA:275,3
DA:276,3
DA:277,3
DA:278,3
DA:279,3
DA:280,3
DA:281,3
DA:286,1
DA:287,1
DA:289,1
DA:290,1
DA:295,9
DA:296,9
DA:300,10
DA:301,10
DA:303,10
DA:304,10
DA:305,10
DA:308,0
DA:309,0
DA:310,0
DA:315,2
DA:317,2
DA:318,2
DA:319,2
DA:320,2
DA:321,2
DA:322,2
DA:323,2
DA:328,1
DA:329,1
DA:331,1
DA:332,1
DA:337,16
DA:338,16
DA:340,16
DA:341,16
DA:343,16
DA:344,16
DA:345,64
DA:346,64
DA:348,64
DA:349,192
DA:350,192
DA:360,64
DA:361,64
DA:364,16
DA:368,12
DA:370,12
DA:371,12
DA:372,0
DA:375,12
DA:376,0
DA:379,12
DA:381,12
DA:382,12
DA:384,12
DA:385,12
DA:386,60
DA:387,60
DA:389,60
DA:390,300
DA:391,300
DA:400,60
DA:401,60
DA:404,12
DA:405,12
DA:406,12
DA:408,12
DA:412,1
DA:413,1
DA:417,14
DA:418,14
DA:419,0
DA:420,0
DA:422,14
DA:427,95
DA:428,95
DA:431,95
DA:435,117
DA:439,32
DA:440,29
DA:442,3
DA:443,2
DA:444,2
DA:446,1
DA:447,1
DA:452,45
DA:453,43
DA:455,2
DA:456,1
DA:457,1
DA:459,1
DA:460,1
DA:465,72
DA:467,72
DA:469,72
DA:470,72
DA:472,72
DA:473,72
DA:475,72
DA:476,72
DA:480,0
DA:481,0
DA:482,0
DA:488,20
DA:489,20
DA:494,1
DA:495,1
DA:496,1
DA:497,1
DA:502,3
DA:503,3
DA:504,3
DA:506,3
DA:507,3
DA:508,3
DA:510,3
DA:514,3
DA:515,3
DA:516,3
DA:517,3
DA:519,3
DA:520,3
DA:521,0
DA:523,3
DA:524,0
DA:525,0
DA:527,3
DA:528,0
DA:530,3
DA:531,3
DA:532,3
DA:535,0
DA:537,3
DA:541,3
DA:542,3
DA:544,3
DA:546,0
DA:547,0
DA:549,0
DA:550,0
DA:552,0
DA:556,0
DA:559,0
DA:562,3
DA:567,95
DA:571,0
DA:575,21
DA:577,21
DA:579,5
DA:580,5
DA:581,5
DA:583,0
DA:584,0
DA:585,0
DA:594,5
DA:596,3
DA:597,3
DA:609,2
DA:610,2
DA:611,0
DA:612,0
DA:622,2
DA:623,2
DA:632,2
DA:638,16
DA:639,16
DA:645,172
DA:646,172
DA:647,172
DA:648,172
DA:649,172
DA:650,172
DA:655,7224
DA:660,340
DA:661,340
DA:662,340
DA:667,340
DA:672,172
DA:676,172
DA:677,172
DA:678,172
DA:679,172
DA:680,172
DA:682,172
DA:683,172
DA:684,172
DA:685,172
DA:686,172
DA:687,1032
DA:688,1032
DA:689,1032
DA:691,172
DA:693,172
DA:694,520
DA:695,520
DA:709,172
DA:711,172
DA:712,172
DA:713,684
DA:714,684
DA:726,684
DA:731,860
DA:732,6020
DA:734,172
DA:735,172
DA:736,172
DA:738,6020
DA:739,6020
DA:751,6020
DA:754,1032
DA:755,1032
DA:758,172
DA:760,172
DA:762,170
DA:767,172
DA:768,172
DA:770,172
DA:772,172
DA:773,168
DA:774,168
DA:776,168
DA:778,168
DA:782,172
DA:783,172
DA:785,172
DA:786,3
DA:791,16
DA:792,16
DA:794,16
DA:796,16
DA:797,16
DA:798,16
DA:800,16
DA:802,16
DA:806,16
DA:807,16
DA:809,16
DA:810,3
DA:815,12
DA:816,12
DA:818,12
DA:820,12
DA:821,12
DA:822,12
DA:824,12
DA:826,12
DA:829,12
DA:830,12
DA:832,12
DA:833,3
DA:838,9
LF:376
LH:338
BRDA:74,0,0,0
BRDA:74,1,0,0
BRDA:74,1,1,0
BRDA:74,1,2,0
BRDA:83,2,0,1
BRDA:89,3,0,1
BRDA:93,4,0,90
BRDA:116,5,0,91
BRDA:120,6,0,91
BRDA:120,6,1,546
BRDA:138,7,0,81
BRDA:138,8,0,95
BRDA:138,8,1,81
BRDA:143,9,0,89
BRDA:143,9,1,6
BRDA:148,10,0,5
BRDA:150,11,0,5
BRDA:160,12,0,3
BRDA:160,13,0,6
BRDA:160,13,1,3
BRDA:162,14,0,3
BRDA:182,15,0,1
BRDA:182,15,1,3
BRDA:183,16,0,1
BRDA:187,17,0,1
BRDA:187,17,1,2
BRDA:188,18,0,1
BRDA:192,19,0,1
BRDA:192,19,1,1
BRDA:193,20,0,1
BRDA:197,21,0,1
BRDA:198,22,0,1
BRDA:205,23,0,1
BRDA:205,23,1,94
BRDA:208,24,0,1
BRDA:218,25,0,1
BRDA:218,25,1,2
BRDA:229,26,0,1
BRDA:229,26,1,1
BRDA:262,27,0,13
BRDA:262,27,1,0
BRDA:289,28,0,1
BRDA:304,29,0,10
BRDA:304,29,1,0
BRDA:331,30,0,1
BRDA:346,31,0,12
BRDA:346,31,1,52
BRDA:353,32,0,192
BRDA:353,32,1,16
BRDA:354,33,0,192
BRDA:354,33,1,16
BRDA:357,34,0,36
BRDA:357,34,1,156
BRDA:371,35,0,0
BRDA:375,36,0,0
BRDA:387,37,0,15
BRDA:387,37,1,45
BRDA:397,38,0,75
BRDA:397,38,1,225
BRDA:406,39,0,9
BRDA:406,39,1,3
BRDA:406,40,0,9
BRDA:406,40,1,3
BRDA:418,41,0,0
BRDA:418,42,0,14
BRDA:418,42,1,14
BRDA:439,43,0,29
BRDA:439,43,1,3
BRDA:439,44,0,32
BRDA:439,44,1,30
BRDA:442,45,0,2
BRDA:442,45,1,1
BRDA:446,46,0,1
BRDA:452,47,0,43
BRDA:452,47,1,2
BRDA:452,48,0,45
BRDA:452,48,1,44
BRDA:455,49,0,1
BRDA:455,49,1,1
BRDA:459,50,0,1
BRDA:465,51,0,43
BRDA:465,51,1,29
BRDA:481,52,0,0
BRDA:496,53,0,1
BRDA:504,54,0,3
BRDA:504,55,0,3
BRDA:504,55,1,3
BRDA:520,56,0,0
BRDA:520,56,1,3
BRDA:520,57,0,3
BRDA:520,57,1,0
BRDA:523,58,0,0
BRDA:523,58,1,3
BRDA:523,59,0,3
BRDA:523,59,1,0
BRDA:527,60,0,0
BRDA:527,60,1,3
BRDA:527,61,0,3
BRDA:527,61,1,0
BRDA:530,62,0,3
BRDA:530,62,1,0
BRDA:530,63,0,3
BRDA:530,63,1,3
BRDA:544,64,0,0
BRDA:544,64,1,3
BRDA:550,65,0,0
BRDA:550,65,1,0
BRDA:559,66,0,0
BRDA:559,66,1,0
BRDA:577,67,0,5
BRDA:577,67,1,16
BRDA:581,68,0,0
BRDA:581,68,1,5
BRDA:581,69,0,5
BRDA:581,69,1,2
BRDA:594,70,0,3
BRDA:594,70,1,2
BRDA:610,71,0,0
BRDA:610,71,1,2
BRDA:650,72,0,140
BRDA:650,72,1,32
BRDA:655,73,0,7224
BRDA:655,73,1,184
BRDA:655,73,2,34
BRDA:672,74,0,169
BRDA:672,74,1,3
BRDA:687,75,0,18
BRDA:687,75,1,1014
BRDA:689,76,0,172
BRDA:689,76,1,860
BRDA:694,77,0,127
BRDA:694,77,1,393
BRDA:694,78,0,127
BRDA:694,78,1,393
BRDA:705,79,0,16
BRDA:705,79,1,504
BRDA:724,80,0,5
BRDA:724,80,1,679
BRDA:732,81,0,172
BRDA:738,82,0,115
BRDA:738,82,1,5905
BRDA:738,83,0,6020
BRDA:738,83,1,1436
BRDA:738,84,0,4584
BRDA:738,84,1,1436
BRDA:738,85,0,1321
BRDA:738,85,1,115
BRDA:738,86,0,1436
BRDA:738,86,1,1436
BRDA:749,87,0,105
BRDA:749,87,1,5915
BRDA:754,88,0,18
BRDA:754,88,1,1014
BRDA:754,89,0,1032
BRDA:754,89,1,18
BRDA:760,90,0,170
BRDA:772,91,0,168
BRDA:773,92,0,34
BRDA:773,92,1,134
BRDA:773,93,0,34
BRDA:773,93,1,134
BRDA:773,94,0,34
BRDA:773,94,1,134
BRDA:773,95,0,34
BRDA:773,95,1,134
BRDA:774,96,0,16
BRDA:774,96,1,152
BRDA:774,97,0,16
BRDA:774,97,1,152
BRDA:776,98,0,168
BRDA:776,98,1,2
BRDA:778,99,0,168
BRDA:778,99,1,1
BRDA:782,100,0,172
BRDA:782,100,1,36
BRDA:782,100,2,171
BRDA:783,101,0,172
BRDA:783,101,1,17
BRDA:783,101,2,171
BRDA:785,102,0,3
BRDA:796,103,0,16
BRDA:800,104,0,16
BRDA:800,104,1,0
BRDA:802,105,0,16
BRDA:802,105,1,0
BRDA:806,106,0,16
BRDA:806,106,1,16
BRDA:807,107,0,16
BRDA:807,107,1,16
BRDA:809,108,0,3
BRDA:820,109,0,12
BRDA:824,110,0,12
BRDA:824,110,1,0
BRDA:826,111,0,12
BRDA:826,111,1,0
BRDA:829,112,0,12
BRDA:829,112,1,12
BRDA:830,113,0,12
BRDA:830,113,1,12
BRDA:832,114,0,3
BRF:200
BRH:172
end_of_record
TN:
SF:projects\angular-mydatepicker\src\lib\components\day-view\day-view.component.ts
FN:36,(anonymous_0)
FN:38,(anonymous_1)
FN:56,(anonymous_2)
FN:60,(anonymous_3)
FN:70,(anonymous_4)
FN:84,(anonymous_5)
FN:94,(anonymous_6)
FN:102,(anonymous_7)
FN:106,(anonymous_8)
FN:110,(anonymous_9)
FNF:10
FNH:10
FNDA:94,(anonymous_0)
FNDA:101,(anonymous_1)
FNDA:94,(anonymous_2)
FNDA:21,(anonymous_3)
FNDA:2,(anonymous_4)
FNDA:1,(anonymous_5)
FNDA:1,(anonymous_6)
FNDA:22050,(anonymous_7)
FNDA:19740,(anonymous_8)
FNDA:2310,(anonymous_9)
DA:20,1
DA:28,94
DA:29,94
DA:30,94
DA:32,94
DA:33,94
DA:34,94
DA:36,94
DA:39,101
DA:40,94
DA:42,101
DA:43,94
DA:45,101
DA:46,94
DA:48,101
DA:49,99
DA:51,101
DA:52,96
DA:57,94
DA:61,21
DA:63,21
DA:64,1
DA:67,20
DA:71,2
DA:72,2
DA:73,2
DA:75,2
DA:76,1
DA:78,1
DA:79,1
DA:85,1
DA:86,1
DA:87,6
DA:88,42
DA:95,1
DA:96,6
DA:97,42
DA:103,22050
DA:107,19740
DA:111,2310
LF:40
LH:40
BRDA:39,0,0,94
BRDA:42,1,0,94
BRDA:45,2,0,94
BRDA:48,3,0,99
BRDA:51,4,0,96
BRDA:63,5,0,1
BRDA:63,6,0,21
BRDA:63,6,1,20
BRDA:72,7,0,2
BRDA:75,8,0,1
BRDA:75,8,1,1
BRDA:75,9,0,2
BRDA:75,9,1,1
BRDA:78,10,0,1
BRDA:85,11,0,1
BRDA:85,12,0,1
BRDA:85,12,1,1
BRDA:88,13,0,42
BRDA:88,13,1,42
BRF:19
BRH:19
end_of_record
TN:
SF:projects\angular-mydatepicker\src\lib\components\footer-bar\footer-bar.component.ts
FN:19,(anonymous_0)
FN:21,(anonymous_1)
FN:33,(anonymous_2)
FNF:3
FNH:3
FNDA:1,(anonymous_0)
FNDA:1,(anonymous_1)
FNDA:1,(anonymous_2)
DA:13,1
DA:15,1
DA:17,1
DA:19,1
DA:22,1
DA:23,1
DA:25,1
DA:27,1
DA:28,1
DA:34,1
LF:10
LH:10
BRDA:22,0,0,1
BRDA:28,1,0,1
BRDA:28,1,1,0
BRF:3
BRH:2
end_of_record
TN:
SF:projects\angular-mydatepicker\src\lib\components\month-view\month-view.component.ts
FN:25,(anonymous_0)
FN:27,(anonymous_1)
FN:36,(anonymous_2)
FN:40,(anonymous_3)
FN:50,(anonymous_4)
FNF:5
FNH:5
FNDA:13,(anonymous_0)
FNDA:13,(anonymous_1)
FNDA:13,(anonymous_2)
FNDA:3,(anonymous_3)
FNDA:2,(anonymous_4)
DA:16,1
DA:21,13
DA:22,13
DA:23,13
DA:25,13
DA:28,13
DA:29,13
DA:31,13
DA:32,13
DA:37,13
DA:41,3
DA:43,3
DA:44,0
DA:47,3
DA:51,2
DA:52,2
DA:53,2
DA:55,2
DA:56,1
DA:58,1
DA:59,1
LF:21
LH:20
BRDA:28,0,0,13
BRDA:31,1,0,13
BRDA:43,2,0,0
BRDA:52,3,0,2
BRDA:55,4,0,1
BRDA:55,4,1,1
BRDA:55,5,0,2
BRDA:55,5,1,1
BRDA:58,6,0,1
BRF:9
BRH:8
end_of_record
TN:
SF:projects\angular-mydatepicker\src\lib\components\selection-bar\selection-bar.component.ts
FN:26,(anonymous_0)
FN:28,(anonymous_1)
FN:52,(anonymous_2)
FN:57,(anonymous_3)
FN:62,(anonymous_4)
FN:67,(anonymous_5)
FNF:6
FNH:6
FNDA:91,(anonymous_0)
FNDA:200,(anonymous_1)
FNDA:31,(anonymous_2)
FNDA:44,(anonymous_3)
FNDA:11,(anonymous_4)
FNDA:8,(anonymous_5)
DA:12,1
DA:21,91
DA:22,91
DA:23,91
DA:24,91
DA:29,200
DA:30,91
DA:32,200
DA:33,103
DA:35,200
DA:36,167
DA:38,200
DA:39,112
DA:41,200
DA:42,102
DA:44,200
DA:45,92
DA:47,200
DA:48,92
DA:53,31
DA:54,31
DA:58,44
DA:59,44
DA:63,11
DA:64,11
DA:68,8
DA:69,8
LF:27
LH:27
BRDA:29,0,0,91
BRDA:32,1,0,103
BRDA:35,2,0,167
BRDA:38,3,0,112
BRDA:41,4,0,102
BRDA:44,5,0,92
BRDA:47,6,0,92
BRDA:54,7,0,3
BRDA:54,7,1,28
BRDA:59,8,0,3
BRDA:59,8,1,41
BRF:11
BRH:11
end_of_record
TN:
SF:projects\angular-mydatepicker\src\lib\components\tenors\tenors.component.ts
FN:20,(anonymous_0)
FN:23,(anonymous_1)
FNF:2
FNH:1
FNDA:91,(anonymous_0)
FNDA:0,(anonymous_1)
DA:12,1
DA:18,91
DA:24,0
LF:3
LH:2
BRF:0
BRH:0
end_of_record
TN:
SF:projects\angular-mydatepicker\src\lib\components\year-view\year-view.component.ts
FN:25,(anonymous_0)
FN:27,(anonymous_1)
FN:36,(anonymous_2)
FN:40,(anonymous_3)
FN:50,(anonymous_4)
FNF:5
FNH:5
FNDA:10,(anonymous_0)
FNDA:10,(anonymous_1)
FNDA:10,(anonymous_2)
FNDA:2,(anonymous_3)
FNDA:2,(anonymous_4)
DA:16,1
DA:21,10
DA:22,10
DA:23,10
DA:25,10
DA:28,10
DA:29,10
DA:31,10
DA:32,10
DA:37,10
DA:41,2
DA:43,2
DA:44,0
DA:47,2
DA:51,2
DA:52,2
DA:53,2
DA:55,2
DA:56,1
DA:58,1
DA:59,1
LF:21
LH:20
BRDA:28,0,0,10
BRDA:31,1,0,10
BRDA:43,2,0,0
BRDA:52,3,0,2
BRDA:55,4,0,1
BRDA:55,4,1,1
BRDA:55,5,0,2
BRDA:55,5,1,1
BRDA:58,6,0,1
BRF:9
BRH:8
end_of_record
TN:
SF:projects\angular-mydatepicker\src\lib\constants\constants.ts
FNF:0
FNH:0
DA:4,1
DA:5,1
DA:6,1
DA:7,1
DA:8,1
DA:9,1
DA:10,1
DA:12,1
DA:13,1
DA:14,1
DA:15,1
DA:16,1
DA:17,1
DA:19,1
DA:20,1
DA:21,1
DA:22,1
DA:24,1
DA:25,1
DA:26,1
DA:27,1
DA:28,1
DA:29,1
DA:30,1
DA:32,1
DA:34,1
DA:35,1
DA:36,1
DA:38,1
DA:39,1
DA:40,1
DA:41,1
DA:42,1
DA:43,1
DA:44,1
DA:45,1
DA:46,1
DA:47,1
DA:48,1
DA:49,1
DA:50,1
DA:52,1
DA:53,1
DA:54,1
DA:55,1
DA:56,1
DA:57,1
DA:58,1
DA:59,1
DA:60,1
DA:61,1
DA:62,1
DA:63,1
DA:64,1
DA:66,1
DA:67,1
DA:68,1
DA:69,1
DA:70,1
DA:71,1
DA:73,1
DA:74,1
DA:76,1
LF:63
LH:63
BRF:0
BRH:0
end_of_record
TN:
SF:projects\angular-mydatepicker\src\lib\directives\angular-mydatepicker-calendar.directive.ts
FN:10,(anonymous_0)
FN:12,(anonymous_1)
FNF:2
FNH:2
FNDA:91,(anonymous_0)
FNDA:91,(anonymous_1)
DA:7,1
DA:10,91
DA:13,91
DA:14,91
DA:16,91
DA:17,91
DA:18,91
DA:19,91
LF:8
LH:8
BRDA:18,0,0,90
BRDA:18,0,1,1
BRDA:19,1,0,90
BRDA:19,1,1,1
BRF:4
BRH:4
end_of_record
TN:
SF:projects\angular-mydatepicker\src\lib\enums\active-view.enum.ts
FN:1,(anonymous_0)
FNF:1
FNH:1
FNDA:1,(anonymous_0)
DA:1,1
DA:2,1
DA:3,1
DA:4,1
LF:4
LH:4
BRDA:1,0,0,1
BRDA:1,0,1,1
BRF:2
BRH:2
end_of_record
TN:
SF:projects\angular-mydatepicker\src\lib\enums\cal-animation.enum.ts
FN:1,(anonymous_0)
FNF:1
FNH:1
FNDA:1,(anonymous_0)
DA:1,1
DA:2,1
DA:3,1
DA:4,1
DA:5,1
DA:6,1
DA:7,1
DA:8,1
LF:8
LH:8
BRDA:1,0,0,1
BRDA:1,0,1,1
BRF:2
BRH:2
end_of_record
TN:
SF:projects\angular-mydatepicker\src\lib\enums\cal-toggle.enum.ts
FN:1,(anonymous_0)
FNF:1
FNH:1
FNDA:1,(anonymous_0)
DA:1,1
DA:2,1
DA:3,1
DA:4,1
DA:5,1
DA:6,1
LF:6
LH:6
BRDA:1,0,0,1
BRDA:1,0,1,1
BRF:2
BRH:2
end_of_record
TN:
SF:projects\angular-mydatepicker\src\lib\enums\default-view.enum.ts
FN:1,(anonymous_0)
FNF:1
FNH:1
FNDA:1,(anonymous_0)
DA:1,1
DA:2,1
DA:3,1
DA:4,1
LF:4
LH:4
BRDA:1,0,0,1
BRDA:1,0,1,1
BRF:2
BRH:2
end_of_record
TN:
SF:projects\angular-mydatepicker\src\lib\enums\header-action.enum.ts
FN:1,(anonymous_0)
FNF:1
FNH:1
FNDA:1,(anonymous_0)
DA:1,1
DA:2,1
DA:3,1
DA:4,1
DA:5,1
LF:5
LH:5
BRDA:1,0,0,1
BRDA:1,0,1,1
BRF:2
BRH:2
end_of_record
TN:
SF:projects\angular-mydatepicker\src\lib\enums\key-code.enum.ts
FN:4,(anonymous_0)
FNF:1
FNH:1
FNDA:1,(anonymous_0)
DA:4,1
DA:5,1
DA:6,1
DA:7,1
DA:8,1
DA:9,1
DA:10,1
DA:11,1
DA:12,1
DA:13,1
LF:10
LH:10
BRDA:4,0,0,1
BRDA:4,0,1,1
BRF:2
BRH:2
end_of_record
TN:
SF:projects\angular-mydatepicker\src\lib\enums\key-name.enum.ts
FN:4,(anonymous_0)
FNF:1
FNH:1
FNDA:1,(anonymous_0)
DA:4,1
DA:5,1
DA:6,1
DA:7,1
DA:8,1
DA:9,1
DA:10,1
DA:11,1
DA:12,1
DA:13,1
LF:10
LH:10
BRDA:4,0,0,1
BRDA:4,0,1,1
BRF:2
BRH:2
end_of_record
TN:
SF:projects\angular-mydatepicker\src\lib\enums\month-id.enum.ts
FN:1,(anonymous_0)
FNF:1
FNH:1
FNDA:1,(anonymous_0)
DA:1,1
DA:2,1
DA:3,1
DA:4,1
LF:4
LH:4
BRDA:1,0,0,1
BRDA:1,0,1,1
BRF:2
BRH:2
end_of_record
TN:
SF:projects\angular-mydatepicker\src\lib\enums\year.enum.ts
FN:1,(anonymous_0)
FNF:1
FNH:1
FNDA:1,(anonymous_0)
DA:1,1
DA:2,1
DA:3,1
LF:3
LH:3
BRDA:1,0,0,1
BRDA:1,0,1,1
BRF:2
BRH:2
end_of_record
TN:
SF:projects\angular-mydatepicker\src\lib\services\angular-mydatepicker.config.service.ts
FN:8,(anonymous_0)
FN:63,(anonymous_1)
FNF:2
FNH:2
FNDA:70,(anonymous_0)
FNDA:69,(anonymous_1)
DA:8,1
DA:9,70
DA:64,69
LF:3
LH:3
BRF:0
BRH:0
end_of_record
TN:
SF:projects\angular-mydatepicker\src\lib\services\angular-mydatepicker.locale.service.ts
FN:8,(anonymous_0)
FN:387,(anonymous_1)
FNF:2
FNH:2
FNDA:70,(anonymous_0)
FNDA:46,(anonymous_1)
DA:8,1
DA:9,70
DA:388,46
DA:390,46
DA:393,0
LF:5
LH:4
BRDA:388,0,0,46
BRDA:388,1,0,46
BRDA:388,1,1,46
BRF:3
BRH:3
end_of_record
TN:
SF:projects\angular-mydatepicker\src\lib\services\angular-mydatepicker.util.service.ts
FN:23,(anonymous_0)
FN:26,(anonymous_1)
FN:101,(anonymous_2)
FN:131,(anonymous_3)
FN:161,(anonymous_4)
FN:172,(anonymous_5)
FN:187,(anonymous_6)
FN:197,(anonymous_7)
FN:209,(anonymous_8)
FN:257,(anonymous_9)
FN:261,(anonymous_10)
FN:270,(anonymous_11)
FN:295,(anonymous_12)
FN:324,(anonymous_13)
FN:328,(anonymous_14)
FN:332,(anonymous_15)
FN:341,(anonymous_16)
FN:350,(anonymous_17)
FN:360,(anonymous_18)
FN:373,(anonymous_19)
FN:391,(anonymous_20)
FN:408,(anonymous_21)
FN:412,(anonymous_22)
FN:427,(anonymous_23)
FN:433,(anonymous_24)
FN:464,(anonymous_25)
FN:486,(anonymous_26)
FN:490,(anonymous_27)
FN:494,(anonymous_28)
FN:498,(anonymous_29)
FN:502,(anonymous_30)
FN:506,(anonymous_31)
FN:510,(anonymous_32)
FN:515,(anonymous_33)
FN:522,(anonymous_34)
FN:526,(anonymous_35)
FN:530,(anonymous_36)
FN:535,(anonymous_37)
FN:539,(anonymous_38)
FN:543,(anonymous_39)
FN:547,(anonymous_40)
FN:551,(anonymous_41)
FN:556,(anonymous_42)
FN:560,(anonymous_43)
FN:566,(anonymous_44)
FN:570,(anonymous_45)
FN:584,(anonymous_46)
FN:619,(anonymous_47)
FN:624,(anonymous_48)
FNF:49
FNH:49
FNDA:278,(anonymous_0)
FNDA:111,(anonymous_1)
FNDA:11,(anonymous_2)
FNDA:27,(anonymous_3)
FNDA:6,(anonymous_4)
FNDA:75,(anonymous_5)
FNDA:81,(anonymous_6)
FNDA:7229,(anonymous_7)
FNDA:84,(anonymous_8)
FNDA:7229,(anonymous_9)
FNDA:20721,(anonymous_10)
FNDA:192,(anonymous_11)
FNDA:300,(anonymous_12)
FNDA:7908,(anonymous_13)
FNDA:7785,(anonymous_14)
FNDA:2,(anonymous_15)
FNDA:1,(anonymous_16)
FNDA:492,(anonymous_17)
FNDA:7473,(anonymous_18)
FNDA:7224,(anonymous_19)
FNDA:7224,(anonymous_20)
FNDA:7224,(anonymous_21)
FNDA:7224,(anonymous_22)
FNDA:18,(anonymous_23)
FNDA:27,(anonymous_24)
FNDA:48,(anonymous_25)
FNDA:39,(anonymous_26)
FNDA:63,(anonymous_27)
FNDA:39642,(anonymous_28)
FNDA:2,(anonymous_29)
FNDA:1443,(anonymous_30)
FNDA:19740,(anonymous_31)
FNDA:2310,(anonymous_32)
FNDA:22050,(anonymous_33)
FNDA:148,(anonymous_34)
FNDA:65334,(anonymous_35)
FNDA:324,(anonymous_36)
FNDA:14295,(anonymous_37)
FNDA:42,(anonymous_38)
FNDA:38,(anonymous_39)
FNDA:3,(anonymous_40)
FNDA:65372,(anonymous_41)
FNDA:704,(anonymous_42)
FNDA:172,(anonymous_43)
FNDA:584,(anonymous_44)
FNDA:108,(anonymous_45)
FNDA:13,(anonymous_46)
FNDA:67,(anonymous_47)
FNDA:7224,(anonymous_48)
DA:23,1
DA:24,278
DA:27,111
DA:29,111
DA:30,111
DA:31,111
DA:32,111
DA:34,111
DA:35,84
DA:38,27
DA:40,27
DA:41,27
DA:42,27
DA:44,27
DA:45,81
DA:46,81
DA:47,27
DA:49,54
DA:50,27
DA:52,27
DA:53,27
DA:57,27
DA:59,27
DA:60,27
DA:61,27
DA:63,27
DA:64,27
DA:65,0
DA:68,27
DA:69,0
DA:72,27
DA:73,0
DA:76,27
DA:77,25
DA:78,0
DA:81,25
DA:83,25
DA:84,0
DA:87,25
DA:88,3
DA:91,25
DA:92,0
DA:96,25
DA:98,2
DA:102,11
DA:103,11
DA:104,7
DA:105,7
DA:106,7
DA:107,7
DA:109,7
DA:110,6
DA:113,7
DA:115,7
DA:116,7
DA:117,6
DA:120,7
DA:122,7
DA:123,7
DA:128,11
DA:132,27
DA:134,27
DA:135,27
DA:136,54
DA:137,27
DA:142,27
DA:143,27
DA:144,27
DA:145,27
DA:147,27
DA:148,81
DA:149,27
DA:151,81
DA:152,27
DA:154,81
DA:155,27
DA:158,27
DA:162,6
DA:163,5
DA:164,10
DA:165,5
DA:169,1
DA:173,75
DA:174,5
DA:177,70
DA:178,70
DA:179,0
DA:181,70
DA:182,0
DA:184,70
DA:188,81
DA:189,81
DA:190,81
DA:191,81
DA:192,81
DA:194,81
DA:198,7229
DA:200,7229
DA:201,2
DA:204,7227
DA:205,5
DA:208,7222
DA:209,7222
DA:210,84
DA:213,7222
DA:214,7222
DA:215,2
DA:219,0
DA:220,0
DA:221,0
DA:226,7220
DA:227,123
DA:230,7097
DA:231,98
DA:234,6999
DA:235,42
DA:236,42
DA:237,12
DA:241,6987
DA:242,6987
DA:243,42
DA:244,42
DA:245,6
DA:250,6981
DA:251,6
DA:254,6975
DA:258,7229
DA:262,20721
DA:263,372
DA:264,9
DA:267,20712
DA:271,192
DA:273,192
DA:274,192
DA:276,192
DA:277,0
DA:280,192
DA:281,0
DA:284,192
DA:285,0
DA:288,192
DA:289,0
DA:292,192
DA:296,300
DA:298,300
DA:299,300
DA:301,300
DA:302,0
DA:305,300
DA:306,0
DA:309,300
DA:310,0
DA:313,300
DA:314,0
DA:317,300
DA:318,0
DA:321,300
DA:325,7908
DA:329,7785
DA:333,2
DA:334,2
DA:335,0
DA:338,2
DA:342,1
DA:343,0
DA:344,0
DA:347,1
DA:351,492
DA:352,0
DA:354,0
DA:357,492
DA:361,7473
DA:362,7473
DA:364,7473
DA:365,81
DA:367,6
DA:370,7467
DA:374,7224
DA:375,0
DA:376,0
DA:377,0
DA:387,7224
DA:392,7224
DA:394,7224
DA:395,42
DA:396,2
DA:399,7222
DA:400,42
DA:401,42
DA:402,12
DA:405,7210
DA:409,7224
DA:413,7224
DA:415,7224
DA:416,7224
DA:417,996
DA:420,6228
DA:421,3
DA:424,6225
DA:428,18
DA:429,18
DA:430,18
DA:434,27
DA:435,27
DA:437,27
DA:438,21
DA:446,6
DA:457,27
DA:465,48
DA:467,48
DA:468,5
DA:470,43
DA:471,29
DA:474,14
DA:477,48
DA:478,34
DA:481,14
DA:483,48
DA:487,39
DA:491,63
DA:495,39642
DA:499,2
DA:503,1443
DA:507,19740
DA:511,2310
DA:512,2310
DA:516,22050
DA:517,21210
DA:519,840
DA:523,148
DA:527,65334
DA:531,324
DA:532,324
DA:536,14295
DA:540,42
DA:544,38
DA:548,3
DA:552,65372
DA:553,65372
DA:557,704
DA:561,172
DA:562,172
DA:563,172
DA:567,584
DA:571,108
DA:572,91
DA:575,17
DA:576,11
DA:579,6
DA:580,6
DA:585,13
DA:587,13
DA:588,3
DA:590,10
DA:591,1
DA:593,9
DA:594,0
DA:596,9
DA:597,0
DA:599,9
DA:600,0
DA:602,9
DA:603,6
DA:605,3
DA:606,0
DA:608,3
DA:609,1
DA:611,2
DA:612,0
DA:615,2
DA:620,67
DA:621,67
DA:625,7224
DA:626,7224
DA:628,0
DA:629,0
DA:630,0
DA:631,0
DA:635,0
LF:279
LH:241
BRDA:34,0,0,84
BRDA:34,1,0,111
BRDA:34,1,1,27
BRDA:46,2,0,27
BRDA:46,2,1,54
BRDA:49,3,0,27
BRDA:49,3,1,27
BRDA:50,4,0,6
BRDA:50,4,1,21
BRDA:52,5,0,27
BRDA:59,6,0,0
BRDA:59,6,1,27
BRDA:59,7,0,27
BRDA:59,7,1,0
BRDA:60,8,0,0
BRDA:60,8,1,27
BRDA:60,9,0,27
BRDA:60,9,1,0
BRDA:61,10,0,0
BRDA:61,10,1,27
BRDA:61,11,0,27
BRDA:61,11,1,0
BRDA:64,12,0,0
BRDA:64,13,0,27
BRDA:64,13,1,0
BRDA:64,13,2,0
BRDA:68,14,0,0
BRDA:68,15,0,27
BRDA:68,15,1,0
BRDA:68,15,2,0
BRDA:72,16,0,0
BRDA:72,17,0,27
BRDA:72,17,1,0
BRDA:72,17,2,0
BRDA:76,18,0,25
BRDA:76,19,0,27
BRDA:76,19,1,25
BRDA:76,19,2,25
BRDA:77,20,0,0
BRDA:77,21,0,25
BRDA:77,21,1,25
BRDA:77,21,2,25
BRDA:77,21,3,25
BRDA:83,22,0,0
BRDA:83,23,0,25
BRDA:83,23,1,5
BRDA:87,24,0,3
BRDA:87,25,0,25
BRDA:87,25,1,25
BRDA:87,25,2,25
BRDA:91,26,0,0
BRDA:91,27,0,25
BRDA:91,27,1,25
BRDA:103,28,0,7
BRDA:103,29,0,11
BRDA:103,29,1,7
BRDA:105,30,0,7
BRDA:105,31,0,7
BRDA:105,31,1,7
BRDA:109,32,0,6
BRDA:115,33,0,7
BRDA:116,34,0,6
BRDA:122,35,0,7
BRDA:122,36,0,7
BRDA:122,36,1,7
BRDA:134,37,0,27
BRDA:136,38,0,27
BRDA:148,39,0,27
BRDA:151,40,0,27
BRDA:154,41,0,27
BRDA:162,42,0,5
BRDA:164,43,0,5
BRDA:173,44,0,5
BRDA:178,45,0,0
BRDA:178,45,1,70
BRDA:178,46,0,70
BRDA:178,46,1,26
BRDA:178,46,2,17
BRDA:178,46,3,70
BRDA:178,46,4,26
BRDA:178,46,5,9
BRDA:181,47,0,0
BRDA:181,48,0,70
BRDA:181,48,1,19
BRDA:189,49,0,81
BRDA:191,50,0,0
BRDA:191,50,1,81
BRDA:192,51,0,0
BRDA:192,51,1,81
BRDA:200,52,0,2
BRDA:204,53,0,5
BRDA:204,54,0,7227
BRDA:204,54,1,0
BRDA:204,54,2,7227
BRDA:204,54,3,5
BRDA:213,55,0,7222
BRDA:213,55,1,0
BRDA:214,56,0,2
BRDA:220,57,0,0
BRDA:226,58,0,123
BRDA:230,59,0,98
BRDA:234,60,0,42
BRDA:236,61,0,12
BRDA:236,62,0,42
BRDA:236,62,1,36
BRDA:242,63,0,42
BRDA:244,64,0,6
BRDA:250,65,0,6
BRDA:263,66,0,9
BRDA:263,67,0,372
BRDA:263,67,1,372
BRDA:263,67,2,333
BRDA:263,67,3,333
BRDA:263,67,4,273
BRDA:276,68,0,0
BRDA:280,69,0,0
BRDA:284,70,0,0
BRDA:288,71,0,0
BRDA:301,72,0,0
BRDA:305,73,0,0
BRDA:309,74,0,0
BRDA:313,75,0,0
BRDA:317,76,0,0
BRDA:317,77,0,300
BRDA:317,77,1,300
BRDA:325,78,0,7908
BRDA:325,78,1,297
BRDA:329,79,0,7785
BRDA:329,79,1,170
BRDA:334,80,0,0
BRDA:343,81,0,0
BRDA:352,82,0,0
BRDA:352,83,0,0
BRDA:352,83,1,0
BRDA:365,84,0,6
BRDA:365,85,0,81
BRDA:365,85,1,81
BRDA:365,85,2,81
BRDA:365,85,3,69
BRDA:376,86,0,0
BRDA:376,87,0,0
BRDA:376,87,1,0
BRDA:376,87,2,0
BRDA:395,88,0,2
BRDA:399,89,0,42
BRDA:399,90,0,7222
BRDA:399,90,1,7222
BRDA:401,91,0,12
BRDA:401,92,0,42
BRDA:401,92,1,36
BRDA:409,93,0,14
BRDA:409,93,1,7210
BRDA:409,94,0,0
BRDA:409,94,1,7224
BRDA:416,95,0,996
BRDA:416,96,0,7224
BRDA:416,96,1,6930
BRDA:416,96,2,6234
BRDA:416,96,3,42
BRDA:420,97,0,3
BRDA:429,98,0,0
BRDA:429,98,1,18
BRDA:433,99,0,27
BRDA:437,100,0,21
BRDA:437,100,1,6
BRDA:441,101,0,0
BRDA:441,101,1,21
BRDA:467,102,0,5
BRDA:467,102,1,43
BRDA:470,103,0,29
BRDA:470,103,1,14
BRDA:477,104,0,34
BRDA:477,104,1,14
BRDA:487,105,0,34
BRDA:487,105,1,5
BRDA:491,106,0,33
BRDA:491,106,1,30
BRDA:495,107,0,39642
BRDA:495,107,1,3107
BRDA:495,107,2,3107
BRDA:512,108,0,2310
BRDA:512,108,1,2272
BRDA:516,109,0,21210
BRDA:516,110,0,22050
BRDA:516,110,1,1596
BRDA:519,111,0,840
BRDA:519,111,1,512
BRDA:571,112,0,91
BRDA:575,113,0,11
BRDA:575,113,1,6
BRDA:585,114,0,13
BRDA:585,114,1,0
BRDA:585,114,2,0
BRDA:587,115,0,3
BRDA:587,115,1,10
BRDA:587,116,0,13
BRDA:587,116,1,10
BRDA:590,117,0,1
BRDA:590,117,1,9
BRDA:590,118,0,10
BRDA:590,118,1,9
BRDA:593,119,0,0
BRDA:593,119,1,9
BRDA:593,120,0,9
BRDA:593,120,1,9
BRDA:596,121,0,0
BRDA:596,121,1,9
BRDA:596,122,0,9
BRDA:596,122,1,9
BRDA:599,123,0,0
BRDA:599,123,1,9
BRDA:599,124,0,9
BRDA:599,124,1,9
BRDA:602,125,0,6
BRDA:602,125,1,3
BRDA:602,126,0,9
BRDA:602,126,1,3
BRDA:605,127,0,0
BRDA:605,127,1,3
BRDA:605,128,0,3
BRDA:605,128,1,3
BRDA:608,129,0,1
BRDA:608,129,1,2
BRDA:608,130,0,3
BRDA:608,130,1,2
BRDA:611,131,0,0
BRDA:611,131,1,2
BRDA:611,132,0,2
BRDA:611,132,1,2
BRDA:625,133,0,7224
BRDA:630,134,0,0
BRDA:630,135,0,0
BRDA:630,135,1,0
BRDA:630,135,2,0
BRF:234
BRH:177
end_of_record
